{"/home/charles/Hacktiv8/Phase3/lastday-finalproject/ChildCare/server/app.js": {"path":"/home/charles/Hacktiv8/Phase3/lastday-finalproject/ChildCare/server/app.js","statementMap":{"0":{"start":{"line":2,"column":16},"end":{"line":2,"column":34}},"1":{"start":{"line":3,"column":12},"end":{"line":3,"column":21}},"2":{"start":{"line":4,"column":13},"end":{"line":4,"column":28}},"3":{"start":{"line":5,"column":13},"end":{"line":5,"column":37}},"4":{"start":{"line":6,"column":13},"end":{"line":6,"column":40}},"5":{"start":{"line":8,"column":15},"end":{"line":8,"column":34}},"6":{"start":{"line":9,"column":11},"end":{"line":11,"column":2}},"7":{"start":{"line":14,"column":21},"end":{"line":14,"column":58}},"8":{"start":{"line":15,"column":0},"end":{"line":15,"column":24}},"9":{"start":{"line":16,"column":0},"end":{"line":16,"column":48}},"10":{"start":{"line":17,"column":0},"end":{"line":17,"column":24}},"11":{"start":{"line":18,"column":0},"end":{"line":18,"column":16}},"12":{"start":{"line":19,"column":0},"end":{"line":19,"column":16}},"13":{"start":{"line":20,"column":0},"end":{"line":20,"column":22}},"14":{"start":{"line":22,"column":0},"end":{"line":62,"column":3}},"15":{"start":{"line":23,"column":2},"end":{"line":25,"column":5}},"16":{"start":{"line":24,"column":4},"end":{"line":24,"column":70}},"17":{"start":{"line":26,"column":2},"end":{"line":29,"column":5}},"18":{"start":{"line":27,"column":4},"end":{"line":27,"column":40}},"19":{"start":{"line":28,"column":4},"end":{"line":28,"column":73}},"20":{"start":{"line":30,"column":2},"end":{"line":32,"column":5}},"21":{"start":{"line":31,"column":4},"end":{"line":31,"column":80}},"22":{"start":{"line":33,"column":2},"end":{"line":35,"column":5}},"23":{"start":{"line":34,"column":4},"end":{"line":34,"column":71}},"24":{"start":{"line":36,"column":2},"end":{"line":38,"column":5}},"25":{"start":{"line":37,"column":4},"end":{"line":37,"column":60}},"26":{"start":{"line":39,"column":2},"end":{"line":41,"column":5}},"27":{"start":{"line":40,"column":4},"end":{"line":40,"column":62}},"28":{"start":{"line":42,"column":2},"end":{"line":44,"column":5}},"29":{"start":{"line":43,"column":4},"end":{"line":43,"column":55}},"30":{"start":{"line":45,"column":2},"end":{"line":48,"column":5}},"31":{"start":{"line":46,"column":4},"end":{"line":46,"column":42}},"32":{"start":{"line":47,"column":4},"end":{"line":47,"column":25}},"33":{"start":{"line":49,"column":2},"end":{"line":52,"column":5}},"34":{"start":{"line":50,"column":4},"end":{"line":50,"column":42}},"35":{"start":{"line":51,"column":4},"end":{"line":51,"column":26}},"36":{"start":{"line":53,"column":2},"end":{"line":55,"column":5}},"37":{"start":{"line":54,"column":4},"end":{"line":54,"column":25}},"38":{"start":{"line":56,"column":2},"end":{"line":58,"column":5}},"39":{"start":{"line":57,"column":4},"end":{"line":57,"column":26}},"40":{"start":{"line":59,"column":2},"end":{"line":61,"column":5}},"41":{"start":{"line":60,"column":4},"end":{"line":60,"column":63}},"42":{"start":{"line":64,"column":0},"end":{"line":68,"column":1}},"43":{"start":{"line":65,"column":2},"end":{"line":67,"column":5}},"44":{"start":{"line":66,"column":4},"end":{"line":66,"column":66}},"45":{"start":{"line":70,"column":0},"end":{"line":70,"column":21}}},"fnMap":{"0":{"name":"(anonymous_0)","decl":{"start":{"line":22,"column":20},"end":{"line":22,"column":21}},"loc":{"start":{"line":22,"column":32},"end":{"line":62,"column":1}},"line":22},"1":{"name":"(anonymous_1)","decl":{"start":{"line":23,"column":27},"end":{"line":23,"column":28}},"loc":{"start":{"line":23,"column":40},"end":{"line":25,"column":3}},"line":23},"2":{"name":"(anonymous_2)","decl":{"start":{"line":26,"column":30},"end":{"line":26,"column":31}},"loc":{"start":{"line":26,"column":43},"end":{"line":29,"column":3}},"line":26},"3":{"name":"(anonymous_3)","decl":{"start":{"line":30,"column":33},"end":{"line":30,"column":34}},"loc":{"start":{"line":30,"column":46},"end":{"line":32,"column":3}},"line":30},"4":{"name":"(anonymous_4)","decl":{"start":{"line":33,"column":24},"end":{"line":33,"column":25}},"loc":{"start":{"line":33,"column":37},"end":{"line":35,"column":3}},"line":33},"5":{"name":"(anonymous_5)","decl":{"start":{"line":36,"column":26},"end":{"line":36,"column":27}},"loc":{"start":{"line":36,"column":39},"end":{"line":38,"column":3}},"line":36},"6":{"name":"(anonymous_6)","decl":{"start":{"line":39,"column":28},"end":{"line":39,"column":29}},"loc":{"start":{"line":39,"column":41},"end":{"line":41,"column":3}},"line":39},"7":{"name":"(anonymous_7)","decl":{"start":{"line":42,"column":21},"end":{"line":42,"column":22}},"loc":{"start":{"line":42,"column":34},"end":{"line":44,"column":3}},"line":42},"8":{"name":"(anonymous_8)","decl":{"start":{"line":45,"column":25},"end":{"line":45,"column":26}},"loc":{"start":{"line":45,"column":38},"end":{"line":48,"column":3}},"line":45},"9":{"name":"(anonymous_9)","decl":{"start":{"line":49,"column":26},"end":{"line":49,"column":27}},"loc":{"start":{"line":49,"column":39},"end":{"line":52,"column":3}},"line":49},"10":{"name":"(anonymous_10)","decl":{"start":{"line":53,"column":42},"end":{"line":53,"column":43}},"loc":{"start":{"line":53,"column":55},"end":{"line":55,"column":3}},"line":53},"11":{"name":"(anonymous_11)","decl":{"start":{"line":56,"column":49},"end":{"line":56,"column":50}},"loc":{"start":{"line":56,"column":62},"end":{"line":58,"column":3}},"line":56},"12":{"name":"(anonymous_12)","decl":{"start":{"line":59,"column":31},"end":{"line":59,"column":32}},"loc":{"start":{"line":59,"column":44},"end":{"line":61,"column":3}},"line":59},"13":{"name":"(anonymous_13)","decl":{"start":{"line":65,"column":20},"end":{"line":65,"column":21}},"loc":{"start":{"line":65,"column":26},"end":{"line":67,"column":3}},"line":65}},"branchMap":{"0":{"loc":{"start":{"line":5,"column":13},"end":{"line":5,"column":37}},"type":"binary-expr","locations":[{"start":{"line":5,"column":13},"end":{"line":5,"column":29}},{"start":{"line":5,"column":33},"end":{"line":5,"column":37}}],"line":5},"1":{"loc":{"start":{"line":64,"column":0},"end":{"line":68,"column":1}},"type":"if","locations":[{"start":{"line":64,"column":0},"end":{"line":68,"column":1}},{"start":{"line":64,"column":0},"end":{"line":68,"column":1}}],"line":64}},"s":{"0":6,"1":6,"2":6,"3":6,"4":6,"5":6,"6":6,"7":6,"8":6,"9":6,"10":6,"11":6,"12":6,"13":6,"14":6,"15":0,"16":0,"17":0,"18":0,"19":0,"20":0,"21":0,"22":0,"23":0,"24":0,"25":0,"26":0,"27":0,"28":0,"29":0,"30":0,"31":0,"32":0,"33":0,"34":0,"35":0,"36":0,"37":0,"38":0,"39":0,"40":0,"41":0,"42":6,"43":0,"44":0,"45":6},"f":{"0":0,"1":0,"2":0,"3":0,"4":0,"5":0,"6":0,"7":0,"8":0,"9":0,"10":0,"11":0,"12":0,"13":0},"b":{"0":[6,6],"1":[0,6]},"_coverageSchema":"1a1c01bbd47fc00a2c39e90264f33305004495a9","hash":"c16c0cbbc3ad35c41d5b1791ad35ecdc79566e45"}
,"/home/charles/Hacktiv8/Phase3/lastday-finalproject/ChildCare/server/controllers/agencyController.js": {"path":"/home/charles/Hacktiv8/Phase3/lastday-finalproject/ChildCare/server/controllers/agencyController.js","statementMap":{"0":{"start":{"line":1,"column":19},"end":{"line":1,"column":39}},"1":{"start":{"line":2,"column":16},"end":{"line":2,"column":44}},"2":{"start":{"line":3,"column":26},"end":{"line":3,"column":64}},"3":{"start":{"line":4,"column":17},"end":{"line":4,"column":46}},"4":{"start":{"line":16,"column":8},"end":{"line":16,"column":16}},"5":{"start":{"line":17,"column":4},"end":{"line":31,"column":9}},"6":{"start":{"line":27,"column":8},"end":{"line":27,"column":37}},"7":{"start":{"line":30,"column":8},"end":{"line":30,"column":18}},"8":{"start":{"line":35,"column":32},"end":{"line":35,"column":40}},"9":{"start":{"line":36,"column":4},"end":{"line":60,"column":9}},"10":{"start":{"line":38,"column":8},"end":{"line":55,"column":9}},"11":{"start":{"line":39,"column":10},"end":{"line":39,"column":51}},"12":{"start":{"line":41,"column":24},"end":{"line":41,"column":39}},"13":{"start":{"line":42,"column":10},"end":{"line":54,"column":13}},"14":{"start":{"line":58,"column":8},"end":{"line":58,"column":25}},"15":{"start":{"line":59,"column":8},"end":{"line":59,"column":18}},"16":{"start":{"line":64,"column":4},"end":{"line":81,"column":9}},"17":{"start":{"line":77,"column":8},"end":{"line":77,"column":39}},"18":{"start":{"line":80,"column":8},"end":{"line":80,"column":18}},"19":{"start":{"line":85,"column":19},"end":{"line":85,"column":29}},"20":{"start":{"line":86,"column":4},"end":{"line":96,"column":9}},"21":{"start":{"line":88,"column":8},"end":{"line":92,"column":9}},"22":{"start":{"line":89,"column":10},"end":{"line":89,"column":42}},"23":{"start":{"line":91,"column":10},"end":{"line":91,"column":39}},"24":{"start":{"line":95,"column":8},"end":{"line":95,"column":18}},"25":{"start":{"line":100,"column":19},"end":{"line":100,"column":29}},"26":{"start":{"line":109,"column":8},"end":{"line":109,"column":16}},"27":{"start":{"line":110,"column":4},"end":{"line":139,"column":9}},"28":{"start":{"line":112,"column":8},"end":{"line":128,"column":9}},"29":{"start":{"line":113,"column":10},"end":{"line":113,"column":48}},"30":{"start":{"line":115,"column":26},"end":{"line":115,"column":44}},"31":{"start":{"line":116,"column":10},"end":{"line":127,"column":12}},"32":{"start":{"line":131,"column":8},"end":{"line":135,"column":9}},"33":{"start":{"line":132,"column":10},"end":{"line":132,"column":68}},"34":{"start":{"line":134,"column":10},"end":{"line":134,"column":42}},"35":{"start":{"line":138,"column":8},"end":{"line":138,"column":18}},"36":{"start":{"line":143,"column":19},"end":{"line":143,"column":29}},"37":{"start":{"line":144,"column":4},"end":{"line":161,"column":9}},"38":{"start":{"line":146,"column":8},"end":{"line":150,"column":9}},"39":{"start":{"line":147,"column":10},"end":{"line":147,"column":48}},"40":{"start":{"line":149,"column":10},"end":{"line":149,"column":51}},"41":{"start":{"line":153,"column":8},"end":{"line":157,"column":9}},"42":{"start":{"line":154,"column":10},"end":{"line":154,"column":68}},"43":{"start":{"line":156,"column":10},"end":{"line":156,"column":20}},"44":{"start":{"line":160,"column":8},"end":{"line":160,"column":18}},"45":{"start":{"line":165,"column":0},"end":{"line":165,"column":34}}},"fnMap":{"0":{"name":"(anonymous_0)","decl":{"start":{"line":7,"column":2},"end":{"line":7,"column":3}},"loc":{"start":{"line":7,"column":40},"end":{"line":32,"column":3}},"line":7},"1":{"name":"(anonymous_1)","decl":{"start":{"line":26,"column":12},"end":{"line":26,"column":13}},"loc":{"start":{"line":26,"column":24},"end":{"line":28,"column":7}},"line":26},"2":{"name":"(anonymous_2)","decl":{"start":{"line":29,"column":13},"end":{"line":29,"column":14}},"loc":{"start":{"line":29,"column":22},"end":{"line":31,"column":7}},"line":29},"3":{"name":"(anonymous_3)","decl":{"start":{"line":34,"column":2},"end":{"line":34,"column":3}},"loc":{"start":{"line":34,"column":37},"end":{"line":61,"column":3}},"line":34},"4":{"name":"(anonymous_4)","decl":{"start":{"line":37,"column":12},"end":{"line":37,"column":13}},"loc":{"start":{"line":37,"column":24},"end":{"line":56,"column":7}},"line":37},"5":{"name":"(anonymous_5)","decl":{"start":{"line":57,"column":13},"end":{"line":57,"column":14}},"loc":{"start":{"line":57,"column":22},"end":{"line":60,"column":7}},"line":57},"6":{"name":"(anonymous_6)","decl":{"start":{"line":63,"column":2},"end":{"line":63,"column":3}},"loc":{"start":{"line":63,"column":40},"end":{"line":82,"column":3}},"line":63},"7":{"name":"(anonymous_7)","decl":{"start":{"line":76,"column":12},"end":{"line":76,"column":13}},"loc":{"start":{"line":76,"column":26},"end":{"line":78,"column":7}},"line":76},"8":{"name":"(anonymous_8)","decl":{"start":{"line":79,"column":13},"end":{"line":79,"column":14}},"loc":{"start":{"line":79,"column":22},"end":{"line":81,"column":7}},"line":79},"9":{"name":"(anonymous_9)","decl":{"start":{"line":84,"column":2},"end":{"line":84,"column":3}},"loc":{"start":{"line":84,"column":39},"end":{"line":97,"column":3}},"line":84},"10":{"name":"(anonymous_10)","decl":{"start":{"line":87,"column":12},"end":{"line":87,"column":13}},"loc":{"start":{"line":87,"column":24},"end":{"line":93,"column":7}},"line":87},"11":{"name":"(anonymous_11)","decl":{"start":{"line":94,"column":13},"end":{"line":94,"column":14}},"loc":{"start":{"line":94,"column":22},"end":{"line":96,"column":7}},"line":94},"12":{"name":"(anonymous_12)","decl":{"start":{"line":99,"column":2},"end":{"line":99,"column":3}},"loc":{"start":{"line":99,"column":42},"end":{"line":140,"column":3}},"line":99},"13":{"name":"(anonymous_13)","decl":{"start":{"line":111,"column":12},"end":{"line":111,"column":13}},"loc":{"start":{"line":111,"column":23},"end":{"line":129,"column":7}},"line":111},"14":{"name":"(anonymous_14)","decl":{"start":{"line":130,"column":12},"end":{"line":130,"column":13}},"loc":{"start":{"line":130,"column":22},"end":{"line":136,"column":7}},"line":130},"15":{"name":"(anonymous_15)","decl":{"start":{"line":137,"column":13},"end":{"line":137,"column":14}},"loc":{"start":{"line":137,"column":22},"end":{"line":139,"column":7}},"line":137},"16":{"name":"(anonymous_16)","decl":{"start":{"line":142,"column":2},"end":{"line":142,"column":3}},"loc":{"start":{"line":142,"column":36},"end":{"line":162,"column":3}},"line":142},"17":{"name":"(anonymous_17)","decl":{"start":{"line":145,"column":12},"end":{"line":145,"column":13}},"loc":{"start":{"line":145,"column":23},"end":{"line":151,"column":7}},"line":145},"18":{"name":"(anonymous_18)","decl":{"start":{"line":152,"column":12},"end":{"line":152,"column":13}},"loc":{"start":{"line":152,"column":22},"end":{"line":158,"column":7}},"line":152},"19":{"name":"(anonymous_19)","decl":{"start":{"line":159,"column":13},"end":{"line":159,"column":14}},"loc":{"start":{"line":159,"column":22},"end":{"line":161,"column":7}},"line":159}},"branchMap":{"0":{"loc":{"start":{"line":38,"column":8},"end":{"line":55,"column":9}},"type":"if","locations":[{"start":{"line":38,"column":8},"end":{"line":55,"column":9}},{"start":{"line":38,"column":8},"end":{"line":55,"column":9}}],"line":38},"1":{"loc":{"start":{"line":38,"column":12},"end":{"line":38,"column":68}},"type":"binary-expr","locations":[{"start":{"line":38,"column":12},"end":{"line":38,"column":19}},{"start":{"line":38,"column":23},"end":{"line":38,"column":68}}],"line":38},"2":{"loc":{"start":{"line":88,"column":8},"end":{"line":92,"column":9}},"type":"if","locations":[{"start":{"line":88,"column":8},"end":{"line":92,"column":9}},{"start":{"line":88,"column":8},"end":{"line":92,"column":9}}],"line":88},"3":{"loc":{"start":{"line":112,"column":8},"end":{"line":128,"column":9}},"type":"if","locations":[{"start":{"line":112,"column":8},"end":{"line":128,"column":9}},{"start":{"line":112,"column":8},"end":{"line":128,"column":9}}],"line":112},"4":{"loc":{"start":{"line":131,"column":8},"end":{"line":135,"column":9}},"type":"if","locations":[{"start":{"line":131,"column":8},"end":{"line":135,"column":9}},{"start":{"line":131,"column":8},"end":{"line":135,"column":9}}],"line":131},"5":{"loc":{"start":{"line":146,"column":8},"end":{"line":150,"column":9}},"type":"if","locations":[{"start":{"line":146,"column":8},"end":{"line":150,"column":9}},{"start":{"line":146,"column":8},"end":{"line":150,"column":9}}],"line":146},"6":{"loc":{"start":{"line":153,"column":8},"end":{"line":157,"column":9}},"type":"if","locations":[{"start":{"line":153,"column":8},"end":{"line":157,"column":9}},{"start":{"line":153,"column":8},"end":{"line":157,"column":9}}],"line":153}},"s":{"0":6,"1":6,"2":6,"3":6,"4":2,"5":2,"6":1,"7":1,"8":4,"9":4,"10":4,"11":3,"12":1,"13":1,"14":0,"15":0,"16":1,"17":1,"18":0,"19":2,"20":2,"21":2,"22":1,"23":1,"24":0,"25":0,"26":0,"27":0,"28":0,"29":0,"30":0,"31":0,"32":0,"33":0,"34":0,"35":0,"36":0,"37":0,"38":0,"39":0,"40":0,"41":0,"42":0,"43":0,"44":0,"45":6},"f":{"0":2,"1":1,"2":1,"3":4,"4":4,"5":0,"6":1,"7":1,"8":0,"9":2,"10":2,"11":0,"12":0,"13":0,"14":0,"15":0,"16":0,"17":0,"18":0,"19":0},"b":{"0":[3,1],"1":[4,2],"2":[1,1],"3":[0,0],"4":[0,0],"5":[0,0],"6":[0,0]},"_coverageSchema":"1a1c01bbd47fc00a2c39e90264f33305004495a9","hash":"c533c8f4a819033f0080903c6f8274cef80e7140"}
,"/home/charles/Hacktiv8/Phase3/lastday-finalproject/ChildCare/server/controllers/childController.js": {"path":"/home/charles/Hacktiv8/Phase3/lastday-finalproject/ChildCare/server/controllers/childController.js","statementMap":{"0":{"start":{"line":1,"column":18},"end":{"line":1,"column":38}},"1":{"start":{"line":5,"column":4},"end":{"line":20,"column":9}},"2":{"start":{"line":16,"column":8},"end":{"line":16,"column":39}},"3":{"start":{"line":19,"column":8},"end":{"line":19,"column":18}},"4":{"start":{"line":24,"column":51},"end":{"line":24,"column":59}},"5":{"start":{"line":25,"column":21},"end":{"line":25,"column":38}},"6":{"start":{"line":27,"column":4},"end":{"line":33,"column":9}},"7":{"start":{"line":29,"column":8},"end":{"line":29,"column":36}},"8":{"start":{"line":32,"column":8},"end":{"line":32,"column":18}},"9":{"start":{"line":101,"column":0},"end":{"line":101,"column":33}}},"fnMap":{"0":{"name":"(anonymous_0)","decl":{"start":{"line":4,"column":2},"end":{"line":4,"column":3}},"loc":{"start":{"line":4,"column":40},"end":{"line":21,"column":3}},"line":4},"1":{"name":"(anonymous_1)","decl":{"start":{"line":15,"column":12},"end":{"line":15,"column":13}},"loc":{"start":{"line":15,"column":26},"end":{"line":17,"column":7}},"line":15},"2":{"name":"(anonymous_2)","decl":{"start":{"line":18,"column":13},"end":{"line":18,"column":14}},"loc":{"start":{"line":18,"column":22},"end":{"line":20,"column":7}},"line":18},"3":{"name":"(anonymous_3)","decl":{"start":{"line":23,"column":2},"end":{"line":23,"column":3}},"loc":{"start":{"line":23,"column":34},"end":{"line":34,"column":3}},"line":23},"4":{"name":"(anonymous_4)","decl":{"start":{"line":28,"column":12},"end":{"line":28,"column":13}},"loc":{"start":{"line":28,"column":23},"end":{"line":30,"column":7}},"line":28},"5":{"name":"(anonymous_5)","decl":{"start":{"line":31,"column":13},"end":{"line":31,"column":14}},"loc":{"start":{"line":31,"column":22},"end":{"line":33,"column":7}},"line":31}},"branchMap":{},"s":{"0":6,"1":1,"2":1,"3":0,"4":0,"5":0,"6":0,"7":0,"8":0,"9":6},"f":{"0":1,"1":1,"2":0,"3":0,"4":0,"5":0},"b":{},"_coverageSchema":"1a1c01bbd47fc00a2c39e90264f33305004495a9","hash":"cc98a6816cd32a3f72ff2cbacce6c782ff2bc0c3"}
,"/home/charles/Hacktiv8/Phase3/lastday-finalproject/ChildCare/server/controllers/emailingController.js": {"path":"/home/charles/Hacktiv8/Phase3/lastday-finalproject/ChildCare/server/controllers/emailingController.js","statementMap":{"0":{"start":{"line":1,"column":34},"end":{"line":1,"column":54}},"1":{"start":{"line":2,"column":19},"end":{"line":2,"column":40}},"2":{"start":{"line":3,"column":12},"end":{"line":3,"column":52}},"3":{"start":{"line":7,"column":4},"end":{"line":7,"column":36}},"4":{"start":{"line":21,"column":4},"end":{"line":117,"column":9}},"5":{"start":{"line":23,"column":8},"end":{"line":23,"column":40}},"6":{"start":{"line":24,"column":8},"end":{"line":24,"column":44}},"7":{"start":{"line":25,"column":8},"end":{"line":25,"column":46}},"8":{"start":{"line":26,"column":8},"end":{"line":26,"column":44}},"9":{"start":{"line":27,"column":8},"end":{"line":27,"column":48}},"10":{"start":{"line":28,"column":8},"end":{"line":28,"column":58}},"11":{"start":{"line":30,"column":8},"end":{"line":33,"column":11}},"12":{"start":{"line":36,"column":8},"end":{"line":36,"column":37}},"13":{"start":{"line":37,"column":8},"end":{"line":37,"column":52}},"14":{"start":{"line":38,"column":8},"end":{"line":38,"column":46}},"15":{"start":{"line":39,"column":8},"end":{"line":39,"column":50}},"16":{"start":{"line":40,"column":8},"end":{"line":40,"column":42}},"17":{"start":{"line":41,"column":26},"end":{"line":41,"column":66}},"18":{"start":{"line":42,"column":8},"end":{"line":42,"column":33}},"19":{"start":{"line":43,"column":24},"end":{"line":49,"column":10}},"20":{"start":{"line":51,"column":8},"end":{"line":63,"column":10}},"21":{"start":{"line":65,"column":27},"end":{"line":78,"column":9}},"22":{"start":{"line":80,"column":26},"end":{"line":102,"column":9}},"23":{"start":{"line":104,"column":8},"end":{"line":112,"column":11}},"24":{"start":{"line":105,"column":10},"end":{"line":111,"column":11}},"25":{"start":{"line":106,"column":12},"end":{"line":106,"column":61}},"26":{"start":{"line":107,"column":12},"end":{"line":107,"column":24}},"27":{"start":{"line":109,"column":12},"end":{"line":109,"column":56}},"28":{"start":{"line":110,"column":12},"end":{"line":110,"column":47}},"29":{"start":{"line":115,"column":8},"end":{"line":115,"column":57}},"30":{"start":{"line":116,"column":8},"end":{"line":116,"column":18}},"31":{"start":{"line":121,"column":4},"end":{"line":121,"column":36}},"32":{"start":{"line":122,"column":44},"end":{"line":122,"column":52}},"33":{"start":{"line":135,"column":4},"end":{"line":144,"column":9}},"34":{"start":{"line":139,"column":8},"end":{"line":139,"column":46}},"35":{"start":{"line":142,"column":8},"end":{"line":142,"column":25}},"36":{"start":{"line":143,"column":8},"end":{"line":143,"column":18}},"37":{"start":{"line":146,"column":4},"end":{"line":156,"column":7}},"38":{"start":{"line":154,"column":6},"end":{"line":154,"column":23}},"39":{"start":{"line":155,"column":6},"end":{"line":155,"column":16}},"40":{"start":{"line":158,"column":4},"end":{"line":241,"column":9}},"41":{"start":{"line":175,"column":8},"end":{"line":175,"column":61}},"42":{"start":{"line":176,"column":8},"end":{"line":176,"column":63}},"43":{"start":{"line":177,"column":8},"end":{"line":177,"column":67}},"44":{"start":{"line":178,"column":8},"end":{"line":178,"column":61}},"45":{"start":{"line":179,"column":8},"end":{"line":179,"column":67}},"46":{"start":{"line":180,"column":8},"end":{"line":180,"column":75}},"47":{"start":{"line":181,"column":8},"end":{"line":181,"column":52}},"48":{"start":{"line":182,"column":8},"end":{"line":182,"column":46}},"49":{"start":{"line":183,"column":8},"end":{"line":183,"column":50}},"50":{"start":{"line":184,"column":8},"end":{"line":184,"column":42}},"51":{"start":{"line":186,"column":24},"end":{"line":192,"column":10}},"52":{"start":{"line":194,"column":8},"end":{"line":206,"column":10}},"53":{"start":{"line":208,"column":26},"end":{"line":226,"column":9}},"54":{"start":{"line":228,"column":8},"end":{"line":236,"column":11}},"55":{"start":{"line":229,"column":10},"end":{"line":235,"column":11}},"56":{"start":{"line":230,"column":12},"end":{"line":230,"column":31}},"57":{"start":{"line":231,"column":12},"end":{"line":231,"column":24}},"58":{"start":{"line":233,"column":12},"end":{"line":233,"column":56}},"59":{"start":{"line":234,"column":12},"end":{"line":234,"column":67}},"60":{"start":{"line":239,"column":8},"end":{"line":239,"column":25}},"61":{"start":{"line":240,"column":8},"end":{"line":240,"column":18}},"62":{"start":{"line":245,"column":4},"end":{"line":245,"column":36}},"63":{"start":{"line":246,"column":44},"end":{"line":246,"column":52}},"64":{"start":{"line":259,"column":4},"end":{"line":268,"column":9}},"65":{"start":{"line":263,"column":8},"end":{"line":263,"column":46}},"66":{"start":{"line":266,"column":8},"end":{"line":266,"column":25}},"67":{"start":{"line":267,"column":8},"end":{"line":267,"column":18}},"68":{"start":{"line":270,"column":4},"end":{"line":353,"column":9}},"69":{"start":{"line":287,"column":8},"end":{"line":287,"column":61}},"70":{"start":{"line":288,"column":8},"end":{"line":288,"column":63}},"71":{"start":{"line":289,"column":8},"end":{"line":289,"column":67}},"72":{"start":{"line":290,"column":8},"end":{"line":290,"column":61}},"73":{"start":{"line":291,"column":8},"end":{"line":291,"column":67}},"74":{"start":{"line":292,"column":8},"end":{"line":292,"column":75}},"75":{"start":{"line":293,"column":8},"end":{"line":293,"column":52}},"76":{"start":{"line":294,"column":8},"end":{"line":294,"column":46}},"77":{"start":{"line":295,"column":8},"end":{"line":295,"column":50}},"78":{"start":{"line":296,"column":8},"end":{"line":296,"column":42}},"79":{"start":{"line":298,"column":24},"end":{"line":304,"column":10}},"80":{"start":{"line":306,"column":8},"end":{"line":318,"column":10}},"81":{"start":{"line":320,"column":26},"end":{"line":338,"column":9}},"82":{"start":{"line":340,"column":8},"end":{"line":348,"column":11}},"83":{"start":{"line":341,"column":10},"end":{"line":347,"column":11}},"84":{"start":{"line":342,"column":12},"end":{"line":342,"column":31}},"85":{"start":{"line":343,"column":12},"end":{"line":343,"column":24}},"86":{"start":{"line":345,"column":12},"end":{"line":345,"column":56}},"87":{"start":{"line":346,"column":12},"end":{"line":346,"column":66}},"88":{"start":{"line":351,"column":8},"end":{"line":351,"column":25}},"89":{"start":{"line":352,"column":8},"end":{"line":352,"column":18}},"90":{"start":{"line":357,"column":0},"end":{"line":357,"column":36}}},"fnMap":{"0":{"name":"(anonymous_0)","decl":{"start":{"line":6,"column":2},"end":{"line":6,"column":3}},"loc":{"start":{"line":6,"column":49},"end":{"line":118,"column":3}},"line":6},"1":{"name":"(anonymous_1)","decl":{"start":{"line":22,"column":12},"end":{"line":22,"column":13}},"loc":{"start":{"line":22,"column":24},"end":{"line":34,"column":7}},"line":22},"2":{"name":"(anonymous_2)","decl":{"start":{"line":35,"column":12},"end":{"line":35,"column":13}},"loc":{"start":{"line":35,"column":23},"end":{"line":113,"column":7}},"line":35},"3":{"name":"(anonymous_3)","decl":{"start":{"line":104,"column":40},"end":{"line":104,"column":41}},"loc":{"start":{"line":104,"column":57},"end":{"line":112,"column":9}},"line":104},"4":{"name":"(anonymous_4)","decl":{"start":{"line":114,"column":13},"end":{"line":114,"column":14}},"loc":{"start":{"line":114,"column":22},"end":{"line":117,"column":7}},"line":114},"5":{"name":"(anonymous_5)","decl":{"start":{"line":120,"column":2},"end":{"line":120,"column":3}},"loc":{"start":{"line":120,"column":46},"end":{"line":242,"column":3}},"line":120},"6":{"name":"(anonymous_6)","decl":{"start":{"line":138,"column":12},"end":{"line":138,"column":13}},"loc":{"start":{"line":138,"column":24},"end":{"line":140,"column":7}},"line":138},"7":{"name":"(anonymous_7)","decl":{"start":{"line":141,"column":13},"end":{"line":141,"column":14}},"loc":{"start":{"line":141,"column":22},"end":{"line":144,"column":7}},"line":141},"8":{"name":"(anonymous_8)","decl":{"start":{"line":153,"column":12},"end":{"line":153,"column":13}},"loc":{"start":{"line":153,"column":21},"end":{"line":156,"column":5}},"line":153},"9":{"name":"(anonymous_9)","decl":{"start":{"line":174,"column":12},"end":{"line":174,"column":13}},"loc":{"start":{"line":174,"column":23},"end":{"line":237,"column":7}},"line":174},"10":{"name":"(anonymous_10)","decl":{"start":{"line":228,"column":40},"end":{"line":228,"column":41}},"loc":{"start":{"line":228,"column":57},"end":{"line":236,"column":9}},"line":228},"11":{"name":"(anonymous_11)","decl":{"start":{"line":238,"column":13},"end":{"line":238,"column":14}},"loc":{"start":{"line":238,"column":22},"end":{"line":241,"column":7}},"line":238},"12":{"name":"(anonymous_12)","decl":{"start":{"line":244,"column":2},"end":{"line":244,"column":3}},"loc":{"start":{"line":244,"column":46},"end":{"line":354,"column":3}},"line":244},"13":{"name":"(anonymous_13)","decl":{"start":{"line":262,"column":12},"end":{"line":262,"column":13}},"loc":{"start":{"line":262,"column":24},"end":{"line":264,"column":7}},"line":262},"14":{"name":"(anonymous_14)","decl":{"start":{"line":265,"column":13},"end":{"line":265,"column":14}},"loc":{"start":{"line":265,"column":22},"end":{"line":268,"column":7}},"line":265},"15":{"name":"(anonymous_15)","decl":{"start":{"line":286,"column":12},"end":{"line":286,"column":13}},"loc":{"start":{"line":286,"column":23},"end":{"line":349,"column":7}},"line":286},"16":{"name":"(anonymous_16)","decl":{"start":{"line":340,"column":40},"end":{"line":340,"column":41}},"loc":{"start":{"line":340,"column":57},"end":{"line":348,"column":9}},"line":340},"17":{"name":"(anonymous_17)","decl":{"start":{"line":350,"column":13},"end":{"line":350,"column":14}},"loc":{"start":{"line":350,"column":22},"end":{"line":353,"column":7}},"line":350}},"branchMap":{"0":{"loc":{"start":{"line":105,"column":10},"end":{"line":111,"column":11}},"type":"if","locations":[{"start":{"line":105,"column":10},"end":{"line":111,"column":11}},{"start":{"line":105,"column":10},"end":{"line":111,"column":11}}],"line":105},"1":{"loc":{"start":{"line":229,"column":10},"end":{"line":235,"column":11}},"type":"if","locations":[{"start":{"line":229,"column":10},"end":{"line":235,"column":11}},{"start":{"line":229,"column":10},"end":{"line":235,"column":11}}],"line":229},"2":{"loc":{"start":{"line":341,"column":10},"end":{"line":347,"column":11}},"type":"if","locations":[{"start":{"line":341,"column":10},"end":{"line":347,"column":11}},{"start":{"line":341,"column":10},"end":{"line":347,"column":11}}],"line":341}},"s":{"0":6,"1":6,"2":6,"3":0,"4":0,"5":0,"6":0,"7":0,"8":0,"9":0,"10":0,"11":0,"12":0,"13":0,"14":0,"15":0,"16":0,"17":0,"18":0,"19":0,"20":0,"21":0,"22":0,"23":0,"24":0,"25":0,"26":0,"27":0,"28":0,"29":0,"30":0,"31":0,"32":0,"33":0,"34":0,"35":0,"36":0,"37":0,"38":0,"39":0,"40":0,"41":0,"42":0,"43":0,"44":0,"45":0,"46":0,"47":0,"48":0,"49":0,"50":0,"51":0,"52":0,"53":0,"54":0,"55":0,"56":0,"57":0,"58":0,"59":0,"60":0,"61":0,"62":0,"63":0,"64":0,"65":0,"66":0,"67":0,"68":0,"69":0,"70":0,"71":0,"72":0,"73":0,"74":0,"75":0,"76":0,"77":0,"78":0,"79":0,"80":0,"81":0,"82":0,"83":0,"84":0,"85":0,"86":0,"87":0,"88":0,"89":0,"90":6},"f":{"0":0,"1":0,"2":0,"3":0,"4":0,"5":0,"6":0,"7":0,"8":0,"9":0,"10":0,"11":0,"12":0,"13":0,"14":0,"15":0,"16":0,"17":0},"b":{"0":[0,0],"1":[0,0],"2":[0,0]},"_coverageSchema":"1a1c01bbd47fc00a2c39e90264f33305004495a9","hash":"5c1aec2a2a5889484e31802605ae1089c9f322d3"}
,"/home/charles/Hacktiv8/Phase3/lastday-finalproject/ChildCare/server/controllers/messageController.js": {"path":"/home/charles/Hacktiv8/Phase3/lastday-finalproject/ChildCare/server/controllers/messageController.js","statementMap":{"0":{"start":{"line":1,"column":36},"end":{"line":1,"column":56}},"1":{"start":{"line":4,"column":21},"end":{"line":4,"column":38}},"2":{"start":{"line":5,"column":4},"end":{"line":42,"column":9}},"3":{"start":{"line":17,"column":29},"end":{"line":17,"column":31}},"4":{"start":{"line":18,"column":26},"end":{"line":18,"column":27}},"5":{"start":{"line":19,"column":8},"end":{"line":34,"column":9}},"6":{"start":{"line":19,"column":21},"end":{"line":19,"column":22}},"7":{"start":{"line":20,"column":10},"end":{"line":22,"column":11}},"8":{"start":{"line":21,"column":12},"end":{"line":21,"column":26}},"9":{"start":{"line":23,"column":10},"end":{"line":33,"column":11}},"10":{"start":{"line":27,"column":28},"end":{"line":27,"column":39}},"11":{"start":{"line":28,"column":12},"end":{"line":31,"column":15}},"12":{"start":{"line":32,"column":12},"end":{"line":32,"column":28}},"13":{"start":{"line":35,"column":8},"end":{"line":37,"column":11}},"14":{"start":{"line":36,"column":10},"end":{"line":36,"column":53}},"15":{"start":{"line":38,"column":8},"end":{"line":38,"column":45}},"16":{"start":{"line":41,"column":8},"end":{"line":41,"column":18}},"17":{"start":{"line":45,"column":21},"end":{"line":45,"column":38}},"18":{"start":{"line":46,"column":4},"end":{"line":83,"column":9}},"19":{"start":{"line":58,"column":29},"end":{"line":58,"column":31}},"20":{"start":{"line":59,"column":26},"end":{"line":59,"column":27}},"21":{"start":{"line":60,"column":8},"end":{"line":75,"column":9}},"22":{"start":{"line":60,"column":21},"end":{"line":60,"column":22}},"23":{"start":{"line":61,"column":10},"end":{"line":63,"column":11}},"24":{"start":{"line":62,"column":12},"end":{"line":62,"column":26}},"25":{"start":{"line":64,"column":10},"end":{"line":74,"column":11}},"26":{"start":{"line":68,"column":28},"end":{"line":68,"column":39}},"27":{"start":{"line":69,"column":12},"end":{"line":72,"column":15}},"28":{"start":{"line":73,"column":12},"end":{"line":73,"column":28}},"29":{"start":{"line":76,"column":8},"end":{"line":78,"column":11}},"30":{"start":{"line":77,"column":10},"end":{"line":77,"column":53}},"31":{"start":{"line":79,"column":8},"end":{"line":79,"column":45}},"32":{"start":{"line":82,"column":8},"end":{"line":82,"column":18}},"33":{"start":{"line":86,"column":21},"end":{"line":86,"column":38}},"34":{"start":{"line":87,"column":25},"end":{"line":87,"column":35}},"35":{"start":{"line":88,"column":4},"end":{"line":98,"column":9}},"36":{"start":{"line":94,"column":8},"end":{"line":94,"column":39}},"37":{"start":{"line":97,"column":8},"end":{"line":97,"column":18}},"38":{"start":{"line":101,"column":21},"end":{"line":101,"column":38}},"39":{"start":{"line":102,"column":25},"end":{"line":102,"column":35}},"40":{"start":{"line":103,"column":4},"end":{"line":113,"column":9}},"41":{"start":{"line":109,"column":8},"end":{"line":109,"column":39}},"42":{"start":{"line":112,"column":8},"end":{"line":112,"column":18}},"43":{"start":{"line":116,"column":21},"end":{"line":116,"column":38}},"44":{"start":{"line":117,"column":25},"end":{"line":117,"column":35}},"45":{"start":{"line":118,"column":32},"end":{"line":118,"column":40}},"46":{"start":{"line":119,"column":4},"end":{"line":125,"column":9}},"47":{"start":{"line":121,"column":8},"end":{"line":121,"column":38}},"48":{"start":{"line":124,"column":8},"end":{"line":124,"column":18}},"49":{"start":{"line":128,"column":21},"end":{"line":128,"column":38}},"50":{"start":{"line":129,"column":25},"end":{"line":129,"column":35}},"51":{"start":{"line":130,"column":32},"end":{"line":130,"column":40}},"52":{"start":{"line":131,"column":4},"end":{"line":137,"column":9}},"53":{"start":{"line":133,"column":8},"end":{"line":133,"column":38}},"54":{"start":{"line":136,"column":8},"end":{"line":136,"column":18}},"55":{"start":{"line":140,"column":21},"end":{"line":140,"column":38}},"56":{"start":{"line":141,"column":25},"end":{"line":141,"column":35}},"57":{"start":{"line":142,"column":4},"end":{"line":148,"column":9}},"58":{"start":{"line":144,"column":8},"end":{"line":144,"column":76}},"59":{"start":{"line":147,"column":8},"end":{"line":147,"column":18}},"60":{"start":{"line":151,"column":21},"end":{"line":151,"column":38}},"61":{"start":{"line":152,"column":25},"end":{"line":152,"column":35}},"62":{"start":{"line":153,"column":4},"end":{"line":159,"column":9}},"63":{"start":{"line":155,"column":8},"end":{"line":155,"column":76}},"64":{"start":{"line":158,"column":8},"end":{"line":158,"column":18}},"65":{"start":{"line":162,"column":0},"end":{"line":162,"column":35}}},"fnMap":{"0":{"name":"(anonymous_0)","decl":{"start":{"line":3,"column":2},"end":{"line":3,"column":3}},"loc":{"start":{"line":3,"column":41},"end":{"line":43,"column":3}},"line":3},"1":{"name":"(anonymous_1)","decl":{"start":{"line":16,"column":12},"end":{"line":16,"column":13}},"loc":{"start":{"line":16,"column":26},"end":{"line":39,"column":7}},"line":16},"2":{"name":"(anonymous_2)","decl":{"start":{"line":35,"column":28},"end":{"line":35,"column":29}},"loc":{"start":{"line":35,"column":44},"end":{"line":37,"column":9}},"line":35},"3":{"name":"(anonymous_3)","decl":{"start":{"line":40,"column":13},"end":{"line":40,"column":14}},"loc":{"start":{"line":40,"column":22},"end":{"line":42,"column":7}},"line":40},"4":{"name":"(anonymous_4)","decl":{"start":{"line":44,"column":2},"end":{"line":44,"column":3}},"loc":{"start":{"line":44,"column":41},"end":{"line":84,"column":3}},"line":44},"5":{"name":"(anonymous_5)","decl":{"start":{"line":57,"column":12},"end":{"line":57,"column":13}},"loc":{"start":{"line":57,"column":26},"end":{"line":80,"column":7}},"line":57},"6":{"name":"(anonymous_6)","decl":{"start":{"line":76,"column":28},"end":{"line":76,"column":29}},"loc":{"start":{"line":76,"column":44},"end":{"line":78,"column":9}},"line":76},"7":{"name":"(anonymous_7)","decl":{"start":{"line":81,"column":13},"end":{"line":81,"column":14}},"loc":{"start":{"line":81,"column":22},"end":{"line":83,"column":7}},"line":81},"8":{"name":"(anonymous_8)","decl":{"start":{"line":85,"column":2},"end":{"line":85,"column":3}},"loc":{"start":{"line":85,"column":38},"end":{"line":99,"column":3}},"line":85},"9":{"name":"(anonymous_9)","decl":{"start":{"line":93,"column":12},"end":{"line":93,"column":13}},"loc":{"start":{"line":93,"column":26},"end":{"line":95,"column":7}},"line":93},"10":{"name":"(anonymous_10)","decl":{"start":{"line":96,"column":13},"end":{"line":96,"column":14}},"loc":{"start":{"line":96,"column":22},"end":{"line":98,"column":7}},"line":96},"11":{"name":"(anonymous_11)","decl":{"start":{"line":100,"column":2},"end":{"line":100,"column":3}},"loc":{"start":{"line":100,"column":38},"end":{"line":114,"column":3}},"line":100},"12":{"name":"(anonymous_12)","decl":{"start":{"line":108,"column":12},"end":{"line":108,"column":13}},"loc":{"start":{"line":108,"column":26},"end":{"line":110,"column":7}},"line":108},"13":{"name":"(anonymous_13)","decl":{"start":{"line":111,"column":13},"end":{"line":111,"column":14}},"loc":{"start":{"line":111,"column":22},"end":{"line":113,"column":7}},"line":111},"14":{"name":"(anonymous_14)","decl":{"start":{"line":115,"column":2},"end":{"line":115,"column":3}},"loc":{"start":{"line":115,"column":39},"end":{"line":126,"column":3}},"line":115},"15":{"name":"(anonymous_15)","decl":{"start":{"line":120,"column":12},"end":{"line":120,"column":13}},"loc":{"start":{"line":120,"column":25},"end":{"line":122,"column":7}},"line":120},"16":{"name":"(anonymous_16)","decl":{"start":{"line":123,"column":13},"end":{"line":123,"column":14}},"loc":{"start":{"line":123,"column":22},"end":{"line":125,"column":7}},"line":123},"17":{"name":"(anonymous_17)","decl":{"start":{"line":127,"column":2},"end":{"line":127,"column":3}},"loc":{"start":{"line":127,"column":39},"end":{"line":138,"column":3}},"line":127},"18":{"name":"(anonymous_18)","decl":{"start":{"line":132,"column":12},"end":{"line":132,"column":13}},"loc":{"start":{"line":132,"column":25},"end":{"line":134,"column":7}},"line":132},"19":{"name":"(anonymous_19)","decl":{"start":{"line":135,"column":13},"end":{"line":135,"column":14}},"loc":{"start":{"line":135,"column":22},"end":{"line":137,"column":7}},"line":135},"20":{"name":"(anonymous_20)","decl":{"start":{"line":139,"column":2},"end":{"line":139,"column":3}},"loc":{"start":{"line":139,"column":44},"end":{"line":149,"column":3}},"line":139},"21":{"name":"(anonymous_21)","decl":{"start":{"line":143,"column":12},"end":{"line":143,"column":13}},"loc":{"start":{"line":143,"column":18},"end":{"line":145,"column":7}},"line":143},"22":{"name":"(anonymous_22)","decl":{"start":{"line":146,"column":13},"end":{"line":146,"column":14}},"loc":{"start":{"line":146,"column":22},"end":{"line":148,"column":7}},"line":146},"23":{"name":"(anonymous_23)","decl":{"start":{"line":150,"column":2},"end":{"line":150,"column":3}},"loc":{"start":{"line":150,"column":44},"end":{"line":160,"column":3}},"line":150},"24":{"name":"(anonymous_24)","decl":{"start":{"line":154,"column":12},"end":{"line":154,"column":13}},"loc":{"start":{"line":154,"column":18},"end":{"line":156,"column":7}},"line":154},"25":{"name":"(anonymous_25)","decl":{"start":{"line":157,"column":13},"end":{"line":157,"column":14}},"loc":{"start":{"line":157,"column":22},"end":{"line":159,"column":7}},"line":157}},"branchMap":{"0":{"loc":{"start":{"line":20,"column":10},"end":{"line":22,"column":11}},"type":"if","locations":[{"start":{"line":20,"column":10},"end":{"line":22,"column":11}},{"start":{"line":20,"column":10},"end":{"line":22,"column":11}}],"line":20},"1":{"loc":{"start":{"line":23,"column":10},"end":{"line":33,"column":11}},"type":"if","locations":[{"start":{"line":23,"column":10},"end":{"line":33,"column":11}},{"start":{"line":23,"column":10},"end":{"line":33,"column":11}}],"line":23},"2":{"loc":{"start":{"line":24,"column":12},"end":{"line":25,"column":61}},"type":"binary-expr","locations":[{"start":{"line":24,"column":12},"end":{"line":24,"column":37}},{"start":{"line":25,"column":12},"end":{"line":25,"column":61}}],"line":24},"3":{"loc":{"start":{"line":61,"column":10},"end":{"line":63,"column":11}},"type":"if","locations":[{"start":{"line":61,"column":10},"end":{"line":63,"column":11}},{"start":{"line":61,"column":10},"end":{"line":63,"column":11}}],"line":61},"4":{"loc":{"start":{"line":64,"column":10},"end":{"line":74,"column":11}},"type":"if","locations":[{"start":{"line":64,"column":10},"end":{"line":74,"column":11}},{"start":{"line":64,"column":10},"end":{"line":74,"column":11}}],"line":64},"5":{"loc":{"start":{"line":65,"column":12},"end":{"line":66,"column":61}},"type":"binary-expr","locations":[{"start":{"line":65,"column":12},"end":{"line":65,"column":37}},{"start":{"line":66,"column":12},"end":{"line":66,"column":61}}],"line":65}},"s":{"0":6,"1":0,"2":0,"3":0,"4":0,"5":0,"6":0,"7":0,"8":0,"9":0,"10":0,"11":0,"12":0,"13":0,"14":0,"15":0,"16":0,"17":0,"18":0,"19":0,"20":0,"21":0,"22":0,"23":0,"24":0,"25":0,"26":0,"27":0,"28":0,"29":0,"30":0,"31":0,"32":0,"33":0,"34":0,"35":0,"36":0,"37":0,"38":0,"39":0,"40":0,"41":0,"42":0,"43":0,"44":0,"45":0,"46":0,"47":0,"48":0,"49":0,"50":0,"51":0,"52":0,"53":0,"54":0,"55":0,"56":0,"57":0,"58":0,"59":0,"60":0,"61":0,"62":0,"63":0,"64":0,"65":6},"f":{"0":0,"1":0,"2":0,"3":0,"4":0,"5":0,"6":0,"7":0,"8":0,"9":0,"10":0,"11":0,"12":0,"13":0,"14":0,"15":0,"16":0,"17":0,"18":0,"19":0,"20":0,"21":0,"22":0,"23":0,"24":0,"25":0},"b":{"0":[0,0],"1":[0,0],"2":[0,0],"3":[0,0],"4":[0,0],"5":[0,0]},"_coverageSchema":"1a1c01bbd47fc00a2c39e90264f33305004495a9","hash":"e95b5c3737d1d10e2be0aa33a3a78a0a3dcf1fe6"}
,"/home/charles/Hacktiv8/Phase3/lastday-finalproject/ChildCare/server/controllers/nannyController.js": {"path":"/home/charles/Hacktiv8/Phase3/lastday-finalproject/ChildCare/server/controllers/nannyController.js","statementMap":{"0":{"start":{"line":1,"column":53},"end":{"line":1,"column":73}},"1":{"start":{"line":5,"column":4},"end":{"line":27,"column":9}},"2":{"start":{"line":23,"column":8},"end":{"line":23,"column":38}},"3":{"start":{"line":26,"column":8},"end":{"line":26,"column":18}},"4":{"start":{"line":40,"column":8},"end":{"line":40,"column":16}},"5":{"start":{"line":42,"column":4},"end":{"line":57,"column":9}},"6":{"start":{"line":53,"column":8},"end":{"line":53,"column":36}},"7":{"start":{"line":56,"column":8},"end":{"line":56,"column":18}},"8":{"start":{"line":70,"column":8},"end":{"line":70,"column":16}},"9":{"start":{"line":71,"column":21},"end":{"line":71,"column":38}},"10":{"start":{"line":73,"column":4},"end":{"line":89,"column":9}},"11":{"start":{"line":85,"column":8},"end":{"line":85,"column":36}},"12":{"start":{"line":88,"column":8},"end":{"line":88,"column":18}},"13":{"start":{"line":93,"column":19},"end":{"line":93,"column":29}},"14":{"start":{"line":94,"column":4},"end":{"line":107,"column":9}},"15":{"start":{"line":99,"column":8},"end":{"line":103,"column":9}},"16":{"start":{"line":100,"column":10},"end":{"line":100,"column":42}},"17":{"start":{"line":102,"column":10},"end":{"line":102,"column":38}},"18":{"start":{"line":106,"column":8},"end":{"line":106,"column":18}},"19":{"start":{"line":120,"column":8},"end":{"line":120,"column":16}},"20":{"start":{"line":121,"column":19},"end":{"line":121,"column":29}},"21":{"start":{"line":122,"column":4},"end":{"line":151,"column":9}},"22":{"start":{"line":124,"column":8},"end":{"line":140,"column":9}},"23":{"start":{"line":125,"column":10},"end":{"line":125,"column":48}},"24":{"start":{"line":127,"column":10},"end":{"line":139,"column":12}},"25":{"start":{"line":143,"column":8},"end":{"line":147,"column":9}},"26":{"start":{"line":144,"column":10},"end":{"line":144,"column":68}},"27":{"start":{"line":146,"column":10},"end":{"line":146,"column":42}},"28":{"start":{"line":150,"column":8},"end":{"line":150,"column":18}},"29":{"start":{"line":155,"column":19},"end":{"line":155,"column":29}},"30":{"start":{"line":156,"column":4},"end":{"line":173,"column":9}},"31":{"start":{"line":158,"column":8},"end":{"line":162,"column":9}},"32":{"start":{"line":159,"column":10},"end":{"line":159,"column":48}},"33":{"start":{"line":161,"column":10},"end":{"line":161,"column":50}},"34":{"start":{"line":165,"column":8},"end":{"line":169,"column":9}},"35":{"start":{"line":166,"column":10},"end":{"line":166,"column":68}},"36":{"start":{"line":168,"column":10},"end":{"line":168,"column":20}},"37":{"start":{"line":172,"column":8},"end":{"line":172,"column":18}},"38":{"start":{"line":177,"column":15},"end":{"line":177,"column":33}},"39":{"start":{"line":178,"column":21},"end":{"line":178,"column":38}},"40":{"start":{"line":179,"column":4},"end":{"line":189,"column":9}},"41":{"start":{"line":181,"column":8},"end":{"line":185,"column":9}},"42":{"start":{"line":182,"column":10},"end":{"line":182,"column":78}},"43":{"start":{"line":184,"column":10},"end":{"line":184,"column":42}},"44":{"start":{"line":188,"column":8},"end":{"line":188,"column":18}},"45":{"start":{"line":193,"column":21},"end":{"line":193,"column":38}},"46":{"start":{"line":194,"column":4},"end":{"line":201,"column":9}},"47":{"start":{"line":196,"column":8},"end":{"line":196,"column":38}},"48":{"start":{"line":199,"column":8},"end":{"line":199,"column":25}},"49":{"start":{"line":200,"column":8},"end":{"line":200,"column":18}},"50":{"start":{"line":205,"column":19},"end":{"line":205,"column":29}},"51":{"start":{"line":206,"column":4},"end":{"line":216,"column":9}},"52":{"start":{"line":208,"column":8},"end":{"line":212,"column":9}},"53":{"start":{"line":209,"column":10},"end":{"line":209,"column":76}},"54":{"start":{"line":211,"column":10},"end":{"line":211,"column":42}},"55":{"start":{"line":215,"column":8},"end":{"line":215,"column":18}},"56":{"start":{"line":220,"column":15},"end":{"line":220,"column":33}},"57":{"start":{"line":221,"column":4},"end":{"line":233,"column":9}},"58":{"start":{"line":223,"column":8},"end":{"line":229,"column":9}},"59":{"start":{"line":224,"column":10},"end":{"line":226,"column":75}},"60":{"start":{"line":228,"column":10},"end":{"line":228,"column":42}},"61":{"start":{"line":232,"column":8},"end":{"line":232,"column":18}},"62":{"start":{"line":237,"column":21},"end":{"line":237,"column":38}},"63":{"start":{"line":238,"column":4},"end":{"line":260,"column":9}},"64":{"start":{"line":256,"column":8},"end":{"line":256,"column":38}},"65":{"start":{"line":259,"column":8},"end":{"line":259,"column":18}},"66":{"start":{"line":263,"column":18},"end":{"line":263,"column":31}},"67":{"start":{"line":264,"column":20},"end":{"line":264,"column":22}},"68":{"start":{"line":265,"column":4},"end":{"line":310,"column":7}},"69":{"start":{"line":283,"column":24},"end":{"line":285,"column":8}},"70":{"start":{"line":284,"column":8},"end":{"line":284,"column":35}},"71":{"start":{"line":286,"column":6},"end":{"line":309,"column":7}},"72":{"start":{"line":287,"column":35},"end":{"line":289,"column":10}},"73":{"start":{"line":288,"column":10},"end":{"line":288,"column":36}},"74":{"start":{"line":291,"column":8},"end":{"line":303,"column":9}},"75":{"start":{"line":292,"column":10},"end":{"line":292,"column":43}},"76":{"start":{"line":293,"column":28},"end":{"line":293,"column":35}},"77":{"start":{"line":294,"column":10},"end":{"line":297,"column":13}},"78":{"start":{"line":299,"column":10},"end":{"line":302,"column":13}},"79":{"start":{"line":305,"column":8},"end":{"line":308,"column":11}},"80":{"start":{"line":314,"column":18},"end":{"line":314,"column":31}},"81":{"start":{"line":315,"column":20},"end":{"line":315,"column":22}},"82":{"start":{"line":316,"column":4},"end":{"line":360,"column":7}},"83":{"start":{"line":334,"column":24},"end":{"line":336,"column":8}},"84":{"start":{"line":335,"column":8},"end":{"line":335,"column":35}},"85":{"start":{"line":337,"column":6},"end":{"line":359,"column":7}},"86":{"start":{"line":338,"column":35},"end":{"line":340,"column":10}},"87":{"start":{"line":339,"column":10},"end":{"line":339,"column":36}},"88":{"start":{"line":341,"column":8},"end":{"line":341,"column":42}},"89":{"start":{"line":342,"column":8},"end":{"line":353,"column":9}},"90":{"start":{"line":343,"column":28},"end":{"line":343,"column":49}},"91":{"start":{"line":344,"column":10},"end":{"line":347,"column":13}},"92":{"start":{"line":349,"column":10},"end":{"line":352,"column":13}},"93":{"start":{"line":355,"column":8},"end":{"line":358,"column":11}},"94":{"start":{"line":364,"column":0},"end":{"line":364,"column":33}}},"fnMap":{"0":{"name":"(anonymous_0)","decl":{"start":{"line":4,"column":2},"end":{"line":4,"column":3}},"loc":{"start":{"line":4,"column":39},"end":{"line":28,"column":3}},"line":4},"1":{"name":"(anonymous_1)","decl":{"start":{"line":22,"column":12},"end":{"line":22,"column":13}},"loc":{"start":{"line":22,"column":25},"end":{"line":24,"column":7}},"line":22},"2":{"name":"(anonymous_2)","decl":{"start":{"line":25,"column":13},"end":{"line":25,"column":14}},"loc":{"start":{"line":25,"column":22},"end":{"line":27,"column":7}},"line":25},"3":{"name":"(anonymous_3)","decl":{"start":{"line":30,"column":2},"end":{"line":30,"column":3}},"loc":{"start":{"line":30,"column":39},"end":{"line":58,"column":3}},"line":30},"4":{"name":"(anonymous_4)","decl":{"start":{"line":52,"column":12},"end":{"line":52,"column":13}},"loc":{"start":{"line":52,"column":23},"end":{"line":54,"column":7}},"line":52},"5":{"name":"(anonymous_5)","decl":{"start":{"line":55,"column":13},"end":{"line":55,"column":14}},"loc":{"start":{"line":55,"column":22},"end":{"line":57,"column":7}},"line":55},"6":{"name":"(anonymous_6)","decl":{"start":{"line":60,"column":2},"end":{"line":60,"column":3}},"loc":{"start":{"line":60,"column":34},"end":{"line":90,"column":3}},"line":60},"7":{"name":"(anonymous_7)","decl":{"start":{"line":84,"column":12},"end":{"line":84,"column":13}},"loc":{"start":{"line":84,"column":23},"end":{"line":86,"column":7}},"line":84},"8":{"name":"(anonymous_8)","decl":{"start":{"line":87,"column":13},"end":{"line":87,"column":14}},"loc":{"start":{"line":87,"column":22},"end":{"line":89,"column":7}},"line":87},"9":{"name":"(anonymous_9)","decl":{"start":{"line":92,"column":2},"end":{"line":92,"column":3}},"loc":{"start":{"line":92,"column":38},"end":{"line":108,"column":3}},"line":92},"10":{"name":"(anonymous_10)","decl":{"start":{"line":98,"column":12},"end":{"line":98,"column":13}},"loc":{"start":{"line":98,"column":23},"end":{"line":104,"column":7}},"line":98},"11":{"name":"(anonymous_11)","decl":{"start":{"line":105,"column":13},"end":{"line":105,"column":14}},"loc":{"start":{"line":105,"column":22},"end":{"line":107,"column":7}},"line":105},"12":{"name":"(anonymous_12)","decl":{"start":{"line":110,"column":2},"end":{"line":110,"column":3}},"loc":{"start":{"line":110,"column":41},"end":{"line":152,"column":3}},"line":110},"13":{"name":"(anonymous_13)","decl":{"start":{"line":123,"column":12},"end":{"line":123,"column":13}},"loc":{"start":{"line":123,"column":23},"end":{"line":141,"column":7}},"line":123},"14":{"name":"(anonymous_14)","decl":{"start":{"line":142,"column":12},"end":{"line":142,"column":13}},"loc":{"start":{"line":142,"column":22},"end":{"line":148,"column":7}},"line":142},"15":{"name":"(anonymous_15)","decl":{"start":{"line":149,"column":13},"end":{"line":149,"column":14}},"loc":{"start":{"line":149,"column":22},"end":{"line":151,"column":7}},"line":149},"16":{"name":"(anonymous_16)","decl":{"start":{"line":154,"column":2},"end":{"line":154,"column":3}},"loc":{"start":{"line":154,"column":36},"end":{"line":174,"column":3}},"line":154},"17":{"name":"(anonymous_17)","decl":{"start":{"line":157,"column":12},"end":{"line":157,"column":13}},"loc":{"start":{"line":157,"column":23},"end":{"line":163,"column":7}},"line":157},"18":{"name":"(anonymous_18)","decl":{"start":{"line":164,"column":12},"end":{"line":164,"column":13}},"loc":{"start":{"line":164,"column":22},"end":{"line":170,"column":7}},"line":164},"19":{"name":"(anonymous_19)","decl":{"start":{"line":171,"column":13},"end":{"line":171,"column":14}},"loc":{"start":{"line":171,"column":22},"end":{"line":173,"column":7}},"line":171},"20":{"name":"(anonymous_20)","decl":{"start":{"line":176,"column":2},"end":{"line":176,"column":3}},"loc":{"start":{"line":176,"column":39},"end":{"line":190,"column":3}},"line":176},"21":{"name":"(anonymous_21)","decl":{"start":{"line":180,"column":12},"end":{"line":180,"column":13}},"loc":{"start":{"line":180,"column":22},"end":{"line":186,"column":7}},"line":180},"22":{"name":"(anonymous_22)","decl":{"start":{"line":187,"column":13},"end":{"line":187,"column":14}},"loc":{"start":{"line":187,"column":22},"end":{"line":189,"column":7}},"line":187},"23":{"name":"(anonymous_23)","decl":{"start":{"line":192,"column":2},"end":{"line":192,"column":3}},"loc":{"start":{"line":192,"column":40},"end":{"line":202,"column":3}},"line":192},"24":{"name":"(anonymous_24)","decl":{"start":{"line":195,"column":12},"end":{"line":195,"column":13}},"loc":{"start":{"line":195,"column":25},"end":{"line":197,"column":7}},"line":195},"25":{"name":"(anonymous_25)","decl":{"start":{"line":198,"column":13},"end":{"line":198,"column":14}},"loc":{"start":{"line":198,"column":22},"end":{"line":201,"column":7}},"line":198},"26":{"name":"(anonymous_26)","decl":{"start":{"line":204,"column":2},"end":{"line":204,"column":3}},"loc":{"start":{"line":204,"column":48},"end":{"line":217,"column":3}},"line":204},"27":{"name":"(anonymous_27)","decl":{"start":{"line":207,"column":12},"end":{"line":207,"column":13}},"loc":{"start":{"line":207,"column":22},"end":{"line":213,"column":7}},"line":207},"28":{"name":"(anonymous_28)","decl":{"start":{"line":214,"column":13},"end":{"line":214,"column":14}},"loc":{"start":{"line":214,"column":22},"end":{"line":216,"column":7}},"line":214},"29":{"name":"(anonymous_29)","decl":{"start":{"line":219,"column":2},"end":{"line":219,"column":3}},"loc":{"start":{"line":219,"column":40},"end":{"line":234,"column":3}},"line":219},"30":{"name":"(anonymous_30)","decl":{"start":{"line":222,"column":12},"end":{"line":222,"column":13}},"loc":{"start":{"line":222,"column":22},"end":{"line":230,"column":7}},"line":222},"31":{"name":"(anonymous_31)","decl":{"start":{"line":231,"column":13},"end":{"line":231,"column":14}},"loc":{"start":{"line":231,"column":22},"end":{"line":233,"column":7}},"line":231},"32":{"name":"(anonymous_32)","decl":{"start":{"line":236,"column":2},"end":{"line":236,"column":3}},"loc":{"start":{"line":236,"column":51},"end":{"line":261,"column":3}},"line":236},"33":{"name":"(anonymous_33)","decl":{"start":{"line":255,"column":12},"end":{"line":255,"column":13}},"loc":{"start":{"line":255,"column":25},"end":{"line":257,"column":7}},"line":255},"34":{"name":"(anonymous_34)","decl":{"start":{"line":258,"column":13},"end":{"line":258,"column":14}},"loc":{"start":{"line":258,"column":22},"end":{"line":260,"column":7}},"line":258},"35":{"name":"(anonymous_35)","decl":{"start":{"line":262,"column":2},"end":{"line":262,"column":3}},"loc":{"start":{"line":262,"column":49},"end":{"line":311,"column":3}},"line":262},"36":{"name":"(anonymous_36)","decl":{"start":{"line":281,"column":12},"end":{"line":281,"column":13}},"loc":{"start":{"line":281,"column":22},"end":{"line":310,"column":5}},"line":281},"37":{"name":"(anonymous_37)","decl":{"start":{"line":283,"column":34},"end":{"line":283,"column":35}},"loc":{"start":{"line":283,"column":45},"end":{"line":285,"column":7}},"line":283},"38":{"name":"(anonymous_38)","decl":{"start":{"line":287,"column":47},"end":{"line":287,"column":48}},"loc":{"start":{"line":287,"column":58},"end":{"line":289,"column":9}},"line":287},"39":{"name":"(anonymous_39)","decl":{"start":{"line":313,"column":2},"end":{"line":313,"column":3}},"loc":{"start":{"line":313,"column":48},"end":{"line":361,"column":3}},"line":313},"40":{"name":"(anonymous_40)","decl":{"start":{"line":332,"column":12},"end":{"line":332,"column":13}},"loc":{"start":{"line":332,"column":22},"end":{"line":360,"column":5}},"line":332},"41":{"name":"(anonymous_41)","decl":{"start":{"line":334,"column":34},"end":{"line":334,"column":35}},"loc":{"start":{"line":334,"column":45},"end":{"line":336,"column":7}},"line":334},"42":{"name":"(anonymous_42)","decl":{"start":{"line":338,"column":47},"end":{"line":338,"column":48}},"loc":{"start":{"line":338,"column":58},"end":{"line":340,"column":9}},"line":338}},"branchMap":{"0":{"loc":{"start":{"line":99,"column":8},"end":{"line":103,"column":9}},"type":"if","locations":[{"start":{"line":99,"column":8},"end":{"line":103,"column":9}},{"start":{"line":99,"column":8},"end":{"line":103,"column":9}}],"line":99},"1":{"loc":{"start":{"line":124,"column":8},"end":{"line":140,"column":9}},"type":"if","locations":[{"start":{"line":124,"column":8},"end":{"line":140,"column":9}},{"start":{"line":124,"column":8},"end":{"line":140,"column":9}}],"line":124},"2":{"loc":{"start":{"line":143,"column":8},"end":{"line":147,"column":9}},"type":"if","locations":[{"start":{"line":143,"column":8},"end":{"line":147,"column":9}},{"start":{"line":143,"column":8},"end":{"line":147,"column":9}}],"line":143},"3":{"loc":{"start":{"line":158,"column":8},"end":{"line":162,"column":9}},"type":"if","locations":[{"start":{"line":158,"column":8},"end":{"line":162,"column":9}},{"start":{"line":158,"column":8},"end":{"line":162,"column":9}}],"line":158},"4":{"loc":{"start":{"line":165,"column":8},"end":{"line":169,"column":9}},"type":"if","locations":[{"start":{"line":165,"column":8},"end":{"line":169,"column":9}},{"start":{"line":165,"column":8},"end":{"line":169,"column":9}}],"line":165},"5":{"loc":{"start":{"line":181,"column":8},"end":{"line":185,"column":9}},"type":"if","locations":[{"start":{"line":181,"column":8},"end":{"line":185,"column":9}},{"start":{"line":181,"column":8},"end":{"line":185,"column":9}}],"line":181},"6":{"loc":{"start":{"line":208,"column":8},"end":{"line":212,"column":9}},"type":"if","locations":[{"start":{"line":208,"column":8},"end":{"line":212,"column":9}},{"start":{"line":208,"column":8},"end":{"line":212,"column":9}}],"line":208},"7":{"loc":{"start":{"line":223,"column":8},"end":{"line":229,"column":9}},"type":"if","locations":[{"start":{"line":223,"column":8},"end":{"line":229,"column":9}},{"start":{"line":223,"column":8},"end":{"line":229,"column":9}}],"line":223},"8":{"loc":{"start":{"line":286,"column":6},"end":{"line":309,"column":7}},"type":"if","locations":[{"start":{"line":286,"column":6},"end":{"line":309,"column":7}},{"start":{"line":286,"column":6},"end":{"line":309,"column":7}}],"line":286},"9":{"loc":{"start":{"line":291,"column":8},"end":{"line":303,"column":9}},"type":"if","locations":[{"start":{"line":291,"column":8},"end":{"line":303,"column":9}},{"start":{"line":291,"column":8},"end":{"line":303,"column":9}}],"line":291},"10":{"loc":{"start":{"line":337,"column":6},"end":{"line":359,"column":7}},"type":"if","locations":[{"start":{"line":337,"column":6},"end":{"line":359,"column":7}},{"start":{"line":337,"column":6},"end":{"line":359,"column":7}}],"line":337},"11":{"loc":{"start":{"line":342,"column":8},"end":{"line":353,"column":9}},"type":"if","locations":[{"start":{"line":342,"column":8},"end":{"line":353,"column":9}},{"start":{"line":342,"column":8},"end":{"line":353,"column":9}}],"line":342}},"s":{"0":6,"1":0,"2":0,"3":0,"4":1,"5":1,"6":1,"7":0,"8":0,"9":0,"10":0,"11":0,"12":0,"13":0,"14":0,"15":0,"16":0,"17":0,"18":0,"19":0,"20":0,"21":0,"22":0,"23":0,"24":0,"25":0,"26":0,"27":0,"28":0,"29":0,"30":0,"31":0,"32":0,"33":0,"34":0,"35":0,"36":0,"37":0,"38":0,"39":0,"40":0,"41":0,"42":0,"43":0,"44":0,"45":0,"46":0,"47":0,"48":0,"49":0,"50":0,"51":0,"52":0,"53":0,"54":0,"55":0,"56":0,"57":0,"58":0,"59":0,"60":0,"61":0,"62":0,"63":0,"64":0,"65":0,"66":0,"67":0,"68":0,"69":0,"70":0,"71":0,"72":0,"73":0,"74":0,"75":0,"76":0,"77":0,"78":0,"79":0,"80":0,"81":0,"82":0,"83":0,"84":0,"85":0,"86":0,"87":0,"88":0,"89":0,"90":0,"91":0,"92":0,"93":0,"94":6},"f":{"0":0,"1":0,"2":0,"3":1,"4":1,"5":0,"6":0,"7":0,"8":0,"9":0,"10":0,"11":0,"12":0,"13":0,"14":0,"15":0,"16":0,"17":0,"18":0,"19":0,"20":0,"21":0,"22":0,"23":0,"24":0,"25":0,"26":0,"27":0,"28":0,"29":0,"30":0,"31":0,"32":0,"33":0,"34":0,"35":0,"36":0,"37":0,"38":0,"39":0,"40":0,"41":0,"42":0},"b":{"0":[0,0],"1":[0,0],"2":[0,0],"3":[0,0],"4":[0,0],"5":[0,0],"6":[0,0],"7":[0,0],"8":[0,0],"9":[0,0],"10":[0,0],"11":[0,0]},"_coverageSchema":"1a1c01bbd47fc00a2c39e90264f33305004495a9","hash":"7bff3b9344776149b268ba710448825ba40fa625"}
,"/home/charles/Hacktiv8/Phase3/lastday-finalproject/ChildCare/server/controllers/parentController.js": {"path":"/home/charles/Hacktiv8/Phase3/lastday-finalproject/ChildCare/server/controllers/parentController.js","statementMap":{"0":{"start":{"line":1,"column":41},"end":{"line":1,"column":61}},"1":{"start":{"line":2,"column":26},"end":{"line":2,"column":64}},"2":{"start":{"line":3,"column":16},"end":{"line":3,"column":44}},"3":{"start":{"line":4,"column":17},"end":{"line":4,"column":46}},"4":{"start":{"line":16,"column":8},"end":{"line":16,"column":16}},"5":{"start":{"line":17,"column":4},"end":{"line":32,"column":9}},"6":{"start":{"line":28,"column":8},"end":{"line":28,"column":37}},"7":{"start":{"line":31,"column":8},"end":{"line":31,"column":18}},"8":{"start":{"line":36,"column":32},"end":{"line":36,"column":40}},"9":{"start":{"line":37,"column":4},"end":{"line":67,"column":9}},"10":{"start":{"line":43,"column":8},"end":{"line":63,"column":9}},"11":{"start":{"line":46,"column":10},"end":{"line":46,"column":51}},"12":{"start":{"line":48,"column":24},"end":{"line":48,"column":39}},"13":{"start":{"line":49,"column":10},"end":{"line":62,"column":13}},"14":{"start":{"line":66,"column":8},"end":{"line":66,"column":18}},"15":{"start":{"line":71,"column":4},"end":{"line":89,"column":9}},"16":{"start":{"line":85,"column":8},"end":{"line":85,"column":38}},"17":{"start":{"line":88,"column":8},"end":{"line":88,"column":18}},"18":{"start":{"line":93,"column":19},"end":{"line":93,"column":29}},"19":{"start":{"line":94,"column":4},"end":{"line":104,"column":9}},"20":{"start":{"line":96,"column":8},"end":{"line":100,"column":9}},"21":{"start":{"line":97,"column":10},"end":{"line":97,"column":42}},"22":{"start":{"line":99,"column":10},"end":{"line":99,"column":39}},"23":{"start":{"line":103,"column":8},"end":{"line":103,"column":18}},"24":{"start":{"line":117,"column":8},"end":{"line":117,"column":16}},"25":{"start":{"line":118,"column":19},"end":{"line":118,"column":29}},"26":{"start":{"line":119,"column":4},"end":{"line":149,"column":9}},"27":{"start":{"line":121,"column":8},"end":{"line":138,"column":9}},"28":{"start":{"line":122,"column":10},"end":{"line":122,"column":48}},"29":{"start":{"line":124,"column":26},"end":{"line":124,"column":44}},"30":{"start":{"line":125,"column":10},"end":{"line":137,"column":12}},"31":{"start":{"line":141,"column":8},"end":{"line":145,"column":9}},"32":{"start":{"line":142,"column":10},"end":{"line":142,"column":68}},"33":{"start":{"line":144,"column":10},"end":{"line":144,"column":20}},"34":{"start":{"line":148,"column":8},"end":{"line":148,"column":18}},"35":{"start":{"line":153,"column":19},"end":{"line":153,"column":29}},"36":{"start":{"line":154,"column":4},"end":{"line":164,"column":9}},"37":{"start":{"line":156,"column":8},"end":{"line":160,"column":9}},"38":{"start":{"line":157,"column":10},"end":{"line":157,"column":68}},"39":{"start":{"line":159,"column":10},"end":{"line":159,"column":20}},"40":{"start":{"line":163,"column":8},"end":{"line":163,"column":18}},"41":{"start":{"line":168,"column":19},"end":{"line":168,"column":33}},"42":{"start":{"line":169,"column":4},"end":{"line":175,"column":9}},"43":{"start":{"line":171,"column":8},"end":{"line":171,"column":39}},"44":{"start":{"line":174,"column":8},"end":{"line":174,"column":18}},"45":{"start":{"line":179,"column":0},"end":{"line":179,"column":34}}},"fnMap":{"0":{"name":"(anonymous_0)","decl":{"start":{"line":6,"column":2},"end":{"line":6,"column":3}},"loc":{"start":{"line":6,"column":40},"end":{"line":33,"column":3}},"line":6},"1":{"name":"(anonymous_1)","decl":{"start":{"line":27,"column":12},"end":{"line":27,"column":13}},"loc":{"start":{"line":27,"column":24},"end":{"line":29,"column":7}},"line":27},"2":{"name":"(anonymous_2)","decl":{"start":{"line":30,"column":13},"end":{"line":30,"column":14}},"loc":{"start":{"line":30,"column":22},"end":{"line":32,"column":7}},"line":30},"3":{"name":"(anonymous_3)","decl":{"start":{"line":35,"column":2},"end":{"line":35,"column":3}},"loc":{"start":{"line":35,"column":37},"end":{"line":68,"column":3}},"line":35},"4":{"name":"(anonymous_4)","decl":{"start":{"line":42,"column":12},"end":{"line":42,"column":13}},"loc":{"start":{"line":42,"column":24},"end":{"line":64,"column":7}},"line":42},"5":{"name":"(anonymous_5)","decl":{"start":{"line":65,"column":13},"end":{"line":65,"column":14}},"loc":{"start":{"line":65,"column":22},"end":{"line":67,"column":7}},"line":65},"6":{"name":"(anonymous_6)","decl":{"start":{"line":70,"column":2},"end":{"line":70,"column":3}},"loc":{"start":{"line":70,"column":39},"end":{"line":90,"column":3}},"line":70},"7":{"name":"(anonymous_7)","decl":{"start":{"line":84,"column":12},"end":{"line":84,"column":13}},"loc":{"start":{"line":84,"column":25},"end":{"line":86,"column":7}},"line":84},"8":{"name":"(anonymous_8)","decl":{"start":{"line":87,"column":13},"end":{"line":87,"column":14}},"loc":{"start":{"line":87,"column":22},"end":{"line":89,"column":7}},"line":87},"9":{"name":"(anonymous_9)","decl":{"start":{"line":92,"column":2},"end":{"line":92,"column":3}},"loc":{"start":{"line":92,"column":39},"end":{"line":105,"column":3}},"line":92},"10":{"name":"(anonymous_10)","decl":{"start":{"line":95,"column":12},"end":{"line":95,"column":13}},"loc":{"start":{"line":95,"column":24},"end":{"line":101,"column":7}},"line":95},"11":{"name":"(anonymous_11)","decl":{"start":{"line":102,"column":13},"end":{"line":102,"column":14}},"loc":{"start":{"line":102,"column":22},"end":{"line":104,"column":7}},"line":102},"12":{"name":"(anonymous_12)","decl":{"start":{"line":107,"column":2},"end":{"line":107,"column":3}},"loc":{"start":{"line":107,"column":42},"end":{"line":150,"column":3}},"line":107},"13":{"name":"(anonymous_13)","decl":{"start":{"line":120,"column":12},"end":{"line":120,"column":13}},"loc":{"start":{"line":120,"column":24},"end":{"line":139,"column":7}},"line":120},"14":{"name":"(anonymous_14)","decl":{"start":{"line":140,"column":12},"end":{"line":140,"column":13}},"loc":{"start":{"line":140,"column":22},"end":{"line":146,"column":7}},"line":140},"15":{"name":"(anonymous_15)","decl":{"start":{"line":147,"column":13},"end":{"line":147,"column":14}},"loc":{"start":{"line":147,"column":22},"end":{"line":149,"column":7}},"line":147},"16":{"name":"(anonymous_16)","decl":{"start":{"line":152,"column":2},"end":{"line":152,"column":3}},"loc":{"start":{"line":152,"column":36},"end":{"line":165,"column":3}},"line":152},"17":{"name":"(anonymous_17)","decl":{"start":{"line":155,"column":12},"end":{"line":155,"column":13}},"loc":{"start":{"line":155,"column":22},"end":{"line":161,"column":7}},"line":155},"18":{"name":"(anonymous_18)","decl":{"start":{"line":162,"column":13},"end":{"line":162,"column":14}},"loc":{"start":{"line":162,"column":22},"end":{"line":164,"column":7}},"line":162},"19":{"name":"(anonymous_19)","decl":{"start":{"line":167,"column":2},"end":{"line":167,"column":3}},"loc":{"start":{"line":167,"column":40},"end":{"line":176,"column":3}},"line":167},"20":{"name":"(anonymous_20)","decl":{"start":{"line":170,"column":12},"end":{"line":170,"column":13}},"loc":{"start":{"line":170,"column":26},"end":{"line":172,"column":7}},"line":170},"21":{"name":"(anonymous_21)","decl":{"start":{"line":173,"column":13},"end":{"line":173,"column":14}},"loc":{"start":{"line":173,"column":22},"end":{"line":175,"column":7}},"line":173}},"branchMap":{"0":{"loc":{"start":{"line":43,"column":8},"end":{"line":63,"column":9}},"type":"if","locations":[{"start":{"line":43,"column":8},"end":{"line":63,"column":9}},{"start":{"line":43,"column":8},"end":{"line":63,"column":9}}],"line":43},"1":{"loc":{"start":{"line":43,"column":12},"end":{"line":43,"column":68}},"type":"binary-expr","locations":[{"start":{"line":43,"column":12},"end":{"line":43,"column":19}},{"start":{"line":43,"column":23},"end":{"line":43,"column":68}}],"line":43},"2":{"loc":{"start":{"line":96,"column":8},"end":{"line":100,"column":9}},"type":"if","locations":[{"start":{"line":96,"column":8},"end":{"line":100,"column":9}},{"start":{"line":96,"column":8},"end":{"line":100,"column":9}}],"line":96},"3":{"loc":{"start":{"line":121,"column":8},"end":{"line":138,"column":9}},"type":"if","locations":[{"start":{"line":121,"column":8},"end":{"line":138,"column":9}},{"start":{"line":121,"column":8},"end":{"line":138,"column":9}}],"line":121},"4":{"loc":{"start":{"line":141,"column":8},"end":{"line":145,"column":9}},"type":"if","locations":[{"start":{"line":141,"column":8},"end":{"line":145,"column":9}},{"start":{"line":141,"column":8},"end":{"line":145,"column":9}}],"line":141},"5":{"loc":{"start":{"line":156,"column":8},"end":{"line":160,"column":9}},"type":"if","locations":[{"start":{"line":156,"column":8},"end":{"line":160,"column":9}},{"start":{"line":156,"column":8},"end":{"line":160,"column":9}}],"line":156}},"s":{"0":6,"1":6,"2":6,"3":6,"4":2,"5":2,"6":1,"7":1,"8":4,"9":4,"10":4,"11":4,"12":0,"13":0,"14":0,"15":1,"16":1,"17":0,"18":2,"19":2,"20":2,"21":2,"22":0,"23":0,"24":0,"25":0,"26":0,"27":0,"28":0,"29":0,"30":0,"31":0,"32":0,"33":0,"34":0,"35":0,"36":0,"37":0,"38":0,"39":0,"40":0,"41":0,"42":0,"43":0,"44":0,"45":6},"f":{"0":2,"1":1,"2":1,"3":4,"4":4,"5":0,"6":1,"7":1,"8":0,"9":2,"10":2,"11":0,"12":0,"13":0,"14":0,"15":0,"16":0,"17":0,"18":0,"19":0,"20":0,"21":0},"b":{"0":[4,0],"1":[4,1],"2":[2,0],"3":[0,0],"4":[0,0],"5":[0,0]},"_coverageSchema":"1a1c01bbd47fc00a2c39e90264f33305004495a9","hash":"69775e6c0a8c6ea8f07641530668a056455799a9"}
,"/home/charles/Hacktiv8/Phase3/lastday-finalproject/ChildCare/server/controllers/wishlistController.js": {"path":"/home/charles/Hacktiv8/Phase3/lastday-finalproject/ChildCare/server/controllers/wishlistController.js","statementMap":{"0":{"start":{"line":1,"column":41},"end":{"line":1,"column":61}},"1":{"start":{"line":5,"column":21},"end":{"line":5,"column":38}},"2":{"start":{"line":6,"column":4},"end":{"line":15,"column":9}},"3":{"start":{"line":11,"column":8},"end":{"line":11,"column":40}},"4":{"start":{"line":14,"column":8},"end":{"line":14,"column":18}},"5":{"start":{"line":19,"column":21},"end":{"line":19,"column":38}},"6":{"start":{"line":20,"column":15},"end":{"line":20,"column":33}},"7":{"start":{"line":21,"column":4},"end":{"line":31,"column":9}},"8":{"start":{"line":23,"column":30},"end":{"line":23,"column":63}},"9":{"start":{"line":24,"column":8},"end":{"line":24,"column":51}},"10":{"start":{"line":27,"column":8},"end":{"line":27,"column":35}},"11":{"start":{"line":30,"column":8},"end":{"line":30,"column":18}},"12":{"start":{"line":35,"column":15},"end":{"line":35,"column":28}},"13":{"start":{"line":36,"column":4},"end":{"line":42,"column":9}},"14":{"start":{"line":38,"column":8},"end":{"line":38,"column":69}},"15":{"start":{"line":41,"column":8},"end":{"line":41,"column":18}},"16":{"start":{"line":46,"column":0},"end":{"line":46,"column":36}}},"fnMap":{"0":{"name":"(anonymous_0)","decl":{"start":{"line":4,"column":2},"end":{"line":4,"column":3}},"loc":{"start":{"line":4,"column":40},"end":{"line":16,"column":3}},"line":4},"1":{"name":"(anonymous_1)","decl":{"start":{"line":10,"column":12},"end":{"line":10,"column":13}},"loc":{"start":{"line":10,"column":27},"end":{"line":12,"column":7}},"line":10},"2":{"name":"(anonymous_2)","decl":{"start":{"line":13,"column":13},"end":{"line":13,"column":14}},"loc":{"start":{"line":13,"column":22},"end":{"line":15,"column":7}},"line":13},"3":{"name":"(anonymous_3)","decl":{"start":{"line":18,"column":2},"end":{"line":18,"column":3}},"loc":{"start":{"line":18,"column":39},"end":{"line":32,"column":3}},"line":18},"4":{"name":"(anonymous_4)","decl":{"start":{"line":22,"column":12},"end":{"line":22,"column":13}},"loc":{"start":{"line":22,"column":23},"end":{"line":25,"column":7}},"line":22},"5":{"name":"(anonymous_5)","decl":{"start":{"line":26,"column":12},"end":{"line":26,"column":13}},"loc":{"start":{"line":26,"column":22},"end":{"line":28,"column":7}},"line":26},"6":{"name":"(anonymous_6)","decl":{"start":{"line":29,"column":13},"end":{"line":29,"column":14}},"loc":{"start":{"line":29,"column":22},"end":{"line":31,"column":7}},"line":29},"7":{"name":"(anonymous_7)","decl":{"start":{"line":34,"column":2},"end":{"line":34,"column":3}},"loc":{"start":{"line":34,"column":40},"end":{"line":43,"column":3}},"line":34},"8":{"name":"(anonymous_8)","decl":{"start":{"line":37,"column":12},"end":{"line":37,"column":13}},"loc":{"start":{"line":37,"column":18},"end":{"line":39,"column":7}},"line":37},"9":{"name":"(anonymous_9)","decl":{"start":{"line":40,"column":13},"end":{"line":40,"column":14}},"loc":{"start":{"line":40,"column":22},"end":{"line":42,"column":7}},"line":40}},"branchMap":{},"s":{"0":6,"1":0,"2":0,"3":0,"4":0,"5":0,"6":0,"7":0,"8":0,"9":0,"10":0,"11":0,"12":0,"13":0,"14":0,"15":0,"16":6},"f":{"0":0,"1":0,"2":0,"3":0,"4":0,"5":0,"6":0,"7":0,"8":0,"9":0},"b":{},"_coverageSchema":"1a1c01bbd47fc00a2c39e90264f33305004495a9","hash":"4338406cae7a2213640b4802a628d1435f96be98"}
,"/home/charles/Hacktiv8/Phase3/lastday-finalproject/ChildCare/server/helper/compareSyncBcyrpt.js": {"path":"/home/charles/Hacktiv8/Phase3/lastday-finalproject/ChildCare/server/helper/compareSyncBcyrpt.js","statementMap":{"0":{"start":{"line":2,"column":15},"end":{"line":2,"column":32}},"1":{"start":{"line":5,"column":2},"end":{"line":5,"column":41}},"2":{"start":{"line":8,"column":0},"end":{"line":8,"column":34}}},"fnMap":{"0":{"name":"compareSyncBcrypt","decl":{"start":{"line":4,"column":9},"end":{"line":4,"column":26}},"loc":{"start":{"line":4,"column":40},"end":{"line":6,"column":1}},"line":4}},"branchMap":{},"s":{"0":6,"1":3,"2":6},"f":{"0":3},"b":{},"_coverageSchema":"1a1c01bbd47fc00a2c39e90264f33305004495a9","hash":"00bdd2c9826ad74c8603a285b3931e81004118db"}
,"/home/charles/Hacktiv8/Phase3/lastday-finalproject/ChildCare/server/helper/hashPass.js": {"path":"/home/charles/Hacktiv8/Phase3/lastday-finalproject/ChildCare/server/helper/hashPass.js","statementMap":{"0":{"start":{"line":1,"column":15},"end":{"line":1,"column":32}},"1":{"start":{"line":4,"column":13},"end":{"line":4,"column":35}},"2":{"start":{"line":5,"column":2},"end":{"line":9,"column":3}},"3":{"start":{"line":6,"column":4},"end":{"line":6,"column":49}},"4":{"start":{"line":8,"column":4},"end":{"line":8,"column":23}},"5":{"start":{"line":12,"column":0},"end":{"line":12,"column":26}}},"fnMap":{"0":{"name":"hashPass","decl":{"start":{"line":3,"column":9},"end":{"line":3,"column":17}},"loc":{"start":{"line":3,"column":25},"end":{"line":10,"column":1}},"line":3}},"branchMap":{},"s":{"0":6,"1":8,"2":8,"3":8,"4":0,"5":6},"f":{"0":8},"b":{},"_coverageSchema":"1a1c01bbd47fc00a2c39e90264f33305004495a9","hash":"4f7220092641b0a5f55d4391efd2fa328e1c8940"}
,"/home/charles/Hacktiv8/Phase3/lastday-finalproject/ChildCare/server/helper/jwtSign.js": {"path":"/home/charles/Hacktiv8/Phase3/lastday-finalproject/ChildCare/server/helper/jwtSign.js","statementMap":{"0":{"start":{"line":2,"column":12},"end":{"line":2,"column":35}},"1":{"start":{"line":3,"column":18},"end":{"line":3,"column":35}},"2":{"start":{"line":6,"column":23},"end":{"line":9,"column":5}},"3":{"start":{"line":11,"column":2},"end":{"line":11,"column":22}},"4":{"start":{"line":14,"column":0},"end":{"line":14,"column":25}}},"fnMap":{"0":{"name":"jwtSign","decl":{"start":{"line":5,"column":9},"end":{"line":5,"column":16}},"loc":{"start":{"line":5,"column":24},"end":{"line":12,"column":1}},"line":5}},"branchMap":{},"s":{"0":6,"1":6,"2":1,"3":1,"4":6},"f":{"0":1},"b":{},"_coverageSchema":"1a1c01bbd47fc00a2c39e90264f33305004495a9","hash":"cf67410bdff8984632ae1e3f1a12c9473cfcfdd7"}
,"/home/charles/Hacktiv8/Phase3/lastday-finalproject/ChildCare/server/helper/jwtVerify.js": {"path":"/home/charles/Hacktiv8/Phase3/lastday-finalproject/ChildCare/server/helper/jwtVerify.js","statementMap":{"0":{"start":{"line":1,"column":12},"end":{"line":1,"column":35}},"1":{"start":{"line":3,"column":18},"end":{"line":3,"column":35}},"2":{"start":{"line":6,"column":2},"end":{"line":6,"column":38}},"3":{"start":{"line":9,"column":0},"end":{"line":9,"column":27}}},"fnMap":{"0":{"name":"jwtVerify","decl":{"start":{"line":5,"column":9},"end":{"line":5,"column":18}},"loc":{"start":{"line":5,"column":26},"end":{"line":7,"column":1}},"line":5}},"branchMap":{},"s":{"0":6,"1":6,"2":2,"3":6},"f":{"0":2},"b":{},"_coverageSchema":"1a1c01bbd47fc00a2c39e90264f33305004495a9","hash":"38e69527812358193c0e6ec4f8c675cab6e59983"}
,"/home/charles/Hacktiv8/Phase3/lastday-finalproject/ChildCare/server/middlewares/authentication.js": {"path":"/home/charles/Hacktiv8/Phase3/lastday-finalproject/ChildCare/server/middlewares/authentication.js","statementMap":{"0":{"start":{"line":3,"column":15},"end":{"line":3,"column":45}},"1":{"start":{"line":7,"column":29},"end":{"line":25,"column":1}},"2":{"start":{"line":8,"column":26},"end":{"line":8,"column":37}},"3":{"start":{"line":10,"column":1},"end":{"line":12,"column":2}},"4":{"start":{"line":11,"column":2},"end":{"line":11,"column":33}},"5":{"start":{"line":14,"column":1},"end":{"line":24,"column":2}},"6":{"start":{"line":16,"column":18},"end":{"line":16,"column":38}},"7":{"start":{"line":17,"column":2},"end":{"line":17,"column":27}},"8":{"start":{"line":21,"column":2},"end":{"line":21,"column":9}},"9":{"start":{"line":23,"column":2},"end":{"line":23,"column":39}},"10":{"start":{"line":27,"column":29},"end":{"line":42,"column":1}},"11":{"start":{"line":28,"column":26},"end":{"line":28,"column":37}},"12":{"start":{"line":30,"column":1},"end":{"line":32,"column":2}},"13":{"start":{"line":31,"column":2},"end":{"line":31,"column":33}},"14":{"start":{"line":34,"column":1},"end":{"line":41,"column":2}},"15":{"start":{"line":35,"column":18},"end":{"line":35,"column":38}},"16":{"start":{"line":36,"column":2},"end":{"line":36,"column":27}},"17":{"start":{"line":38,"column":2},"end":{"line":38,"column":9}},"18":{"start":{"line":40,"column":2},"end":{"line":40,"column":39}},"19":{"start":{"line":44,"column":0},"end":{"line":47,"column":1}}},"fnMap":{"0":{"name":"(anonymous_0)","decl":{"start":{"line":7,"column":29},"end":{"line":7,"column":30}},"loc":{"start":{"line":7,"column":49},"end":{"line":25,"column":1}},"line":7},"1":{"name":"(anonymous_1)","decl":{"start":{"line":27,"column":29},"end":{"line":27,"column":30}},"loc":{"start":{"line":27,"column":49},"end":{"line":42,"column":1}},"line":27}},"branchMap":{"0":{"loc":{"start":{"line":10,"column":1},"end":{"line":12,"column":2}},"type":"if","locations":[{"start":{"line":10,"column":1},"end":{"line":12,"column":2}},{"start":{"line":10,"column":1},"end":{"line":12,"column":2}}],"line":10},"1":{"loc":{"start":{"line":30,"column":1},"end":{"line":32,"column":2}},"type":"if","locations":[{"start":{"line":30,"column":1},"end":{"line":32,"column":2}},{"start":{"line":30,"column":1},"end":{"line":32,"column":2}}],"line":30}},"s":{"0":6,"1":6,"2":2,"3":2,"4":1,"5":2,"6":2,"7":1,"8":1,"9":1,"10":6,"11":0,"12":0,"13":0,"14":0,"15":0,"16":0,"17":0,"18":0,"19":6},"f":{"0":2,"1":0},"b":{"0":[1,1],"1":[0,0]},"_coverageSchema":"1a1c01bbd47fc00a2c39e90264f33305004495a9","hash":"ff6e7364a9753f681ebd65cdb896f5dc9c0fe3b4"}
[...]
,"/home/charles/Hacktiv8/Phase3/lastday-finalproject/ChildCare/server/models/message.js": {"path":"/home/charles/Hacktiv8/Phase3/lastday-finalproject/ChildCare/server/models/message.js","statementMap":{"0":{"start":{"line":2,"column":18},"end":{"line":2,"column":38}},"1":{"start":{"line":3,"column":22},"end":{"line":3,"column":34}},"2":{"start":{"line":4,"column":0},"end":{"line":40,"column":2}},"3":{"start":{"line":12,"column":6},"end":{"line":12,"column":39}},"4":{"start":{"line":13,"column":6},"end":{"line":13,"column":39}},"5":{"start":{"line":17,"column":2},"end":{"line":30,"column":4}},"6":{"start":{"line":31,"column":2},"end":{"line":38,"column":5}},"7":{"start":{"line":32,"column":4},"end":{"line":34,"column":5}},"8":{"start":{"line":33,"column":6},"end":{"line":33,"column":34}},"9":{"start":{"line":35,"column":4},"end":{"line":37,"column":5}},"10":{"start":{"line":36,"column":6},"end":{"line":36,"column":34}},"11":{"start":{"line":39,"column":2},"end":{"line":39,"column":17}}},"fnMap":{"0":{"name":"(anonymous_0)","decl":{"start":{"line":4,"column":17},"end":{"line":4,"column":18}},"loc":{"start":{"line":4,"column":43},"end":{"line":40,"column":1}},"line":4},"1":{"name":"(anonymous_1)","decl":{"start":{"line":11,"column":4},"end":{"line":11,"column":5}},"loc":{"start":{"line":11,"column":29},"end":{"line":15,"column":5}},"line":11},"2":{"name":"(anonymous_2)","decl":{"start":{"line":31,"column":23},"end":{"line":31,"column":24}},"loc":{"start":{"line":31,"column":46},"end":{"line":38,"column":3}},"line":31}},"branchMap":{"0":{"loc":{"start":{"line":32,"column":4},"end":{"line":34,"column":5}},"type":"if","locations":[{"start":{"line":32,"column":4},"end":{"line":34,"column":5}},{"start":{"line":32,"column":4},"end":{"line":34,"column":5}}],"line":32},"1":{"loc":{"start":{"line":35,"column":4},"end":{"line":37,"column":5}},"type":"if","locations":[{"start":{"line":35,"column":4},"end":{"line":37,"column":5}},{"start":{"line":35,"column":4},"end":{"line":37,"column":5}}],"line":35}},"s":{"0":6,"1":6,"2":6,"3":6,"4":6,"5":6,"6":6,"7":0,"8":0,"9":0,"10":0,"11":6},"f":{"0":6,"1":6,"2":0},"b":{"0":[0,0],"1":[0,0]},"_coverageSchema":"1a1c01bbd47fc00a2c39e90264f33305004495a9","hash":"a3b4140f97bb3e1ce10abfa1b936fb3bc4a4e2f4"}
,"/home/charles/Hacktiv8/Phase3/lastday-finalproject/ChildCare/server/models/nanny.js": {"path":"/home/charles/Hacktiv8/Phase3/lastday-finalproject/ChildCare/server/models/nanny.js","statementMap":{"0":{"start":{"line":2,"column":18},"end":{"line":2,"column":38}},"1":{"start":{"line":3,"column":0},"end":{"line":188,"column":2}},"2":{"start":{"line":12,"column":6},"end":{"line":12,"column":37}},"3":{"start":{"line":13,"column":6},"end":{"line":13,"column":37}},"4":{"start":{"line":14,"column":6},"end":{"line":14,"column":72}},"5":{"start":{"line":15,"column":6},"end":{"line":18,"column":9}},"6":{"start":{"line":19,"column":6},"end":{"line":22,"column":9}},"7":{"start":{"line":25,"column":2},"end":{"line":177,"column":4}},"8":{"start":{"line":179,"column":2},"end":{"line":186,"column":4}},"9":{"start":{"line":180,"column":4},"end":{"line":182,"column":5}},"10":{"start":{"line":181,"column":6},"end":{"line":181,"column":27}},"11":{"start":{"line":183,"column":4},"end":{"line":185,"column":5}},"12":{"start":{"line":184,"column":6},"end":{"line":184,"column":34}},"13":{"start":{"line":187,"column":2},"end":{"line":187,"column":15}}},"fnMap":{"0":{"name":"(anonymous_0)","decl":{"start":{"line":3,"column":17},"end":{"line":3,"column":18}},"loc":{"start":{"line":3,"column":43},"end":{"line":188,"column":1}},"line":3},"1":{"name":"(anonymous_1)","decl":{"start":{"line":10,"column":4},"end":{"line":10,"column":5}},"loc":{"start":{"line":10,"column":29},"end":{"line":23,"column":5}},"line":10},"2":{"name":"(anonymous_2)","decl":{"start":{"line":179,"column":21},"end":{"line":179,"column":22}},"loc":{"start":{"line":179,"column":44},"end":{"line":186,"column":3}},"line":179}},"branchMap":{"0":{"loc":{"start":{"line":180,"column":4},"end":{"line":182,"column":5}},"type":"if","locations":[{"start":{"line":180,"column":4},"end":{"line":182,"column":5}},{"start":{"line":180,"column":4},"end":{"line":182,"column":5}}],"line":180},"1":{"loc":{"start":{"line":183,"column":4},"end":{"line":185,"column":5}},"type":"if","locations":[{"start":{"line":183,"column":4},"end":{"line":185,"column":5}},{"start":{"line":183,"column":4},"end":{"line":185,"column":5}}],"line":183}},"s":{"0":6,"1":6,"2":6,"3":6,"4":6,"5":6,"6":6,"7":6,"8":6,"9":1,"10":1,"11":1,"12":1,"13":6},"f":{"0":6,"1":6,"2":1},"b":{"0":[1,0],"1":[1,0]},"_coverageSchema":"1a1c01bbd47fc00a2c39e90264f33305004495a9","hash":"01e54d80b07a7e26225738f8e2d542010e175e9a"}
,"/home/charles/Hacktiv8/Phase3/lastday-finalproject/ChildCare/server/models/nannychild.js": {"path":"/home/charles/Hacktiv8/Phase3/lastday-finalproject/ChildCare/server/models/nannychild.js","statementMap":{"0":{"start":{"line":5,"column":4},"end":{"line":5,"column":24}},"1":{"start":{"line":6,"column":0},"end":{"line":31,"column":2}},"2":{"start":{"line":7,"column":24},"end":{"line":7,"column":33}},"3":{"start":{"line":8,"column":20},"end":{"line":8,"column":29}},"4":{"start":{"line":16,"column":6},"end":{"line":16,"column":84}},"5":{"start":{"line":17,"column":6},"end":{"line":17,"column":84}},"6":{"start":{"line":22,"column":2},"end":{"line":28,"column":5}},"7":{"start":{"line":29,"column":2},"end":{"line":29,"column":20}}},"fnMap":{"0":{"name":"(anonymous_0)","decl":{"start":{"line":6,"column":17},"end":{"line":6,"column":18}},"loc":{"start":{"line":6,"column":43},"end":{"line":31,"column":1}},"line":6},"1":{"name":"(anonymous_1)","decl":{"start":{"line":15,"column":4},"end":{"line":15,"column":5}},"loc":{"start":{"line":15,"column":29},"end":{"line":20,"column":5}},"line":15}},"branchMap":{},"s":{"0":6,"1":6,"2":6,"3":6,"4":6,"5":6,"6":6,"7":6},"f":{"0":6,"1":6},"b":{},"_coverageSchema":"1a1c01bbd47fc00a2c39e90264f33305004495a9","hash":"0c1d4dbf46bb969707dbeaec3acb1f4eaa13dc23"}
,"/home/charles/Hacktiv8/Phase3/lastday-finalproject/ChildCare/server/models/nannywishlist.js": {"path":"/home/charles/Hacktiv8/Phase3/lastday-finalproject/ChildCare/server/models/nannywishlist.js","statementMap":{"0":{"start":{"line":2,"column":0},"end":{"line":24,"column":2}},"1":{"start":{"line":3,"column":24},"end":{"line":19,"column":3}},"2":{"start":{"line":20,"column":2},"end":{"line":22,"column":4}},"3":{"start":{"line":21,"column":4},"end":{"line":21,"column":43}},"4":{"start":{"line":23,"column":2},"end":{"line":23,"column":23}}},"fnMap":{"0":{"name":"(anonymous_0)","decl":{"start":{"line":2,"column":17},"end":{"line":2,"column":18}},"loc":{"start":{"line":2,"column":43},"end":{"line":24,"column":1}},"line":2},"1":{"name":"(anonymous_1)","decl":{"start":{"line":20,"column":28},"end":{"line":20,"column":29}},"loc":{"start":{"line":20,"column":46},"end":{"line":22,"column":3}},"line":20}},"branchMap":{},"s":{"0":6,"1":6,"2":6,"3":6,"4":6},"f":{"0":6,"1":6},"b":{},"_coverageSchema":"1a1c01bbd47fc00a2c39e90264f33305004495a9","hash":"8235c1b2a9567445e7ef09962f52946d5a022f6e"}
,"/home/charles/Hacktiv8/Phase3/lastday-finalproject/ChildCare/server/models/parent.js": {"path":"/home/charles/Hacktiv8/Phase3/lastday-finalproject/ChildCare/server/models/parent.js","statementMap":{"0":{"start":{"line":2,"column":18},"end":{"line":2,"column":38}},"1":{"start":{"line":3,"column":17},"end":{"line":3,"column":46}},"2":{"start":{"line":5,"column":0},"end":{"line":159,"column":2}},"3":{"start":{"line":14,"column":6},"end":{"line":14,"column":35}},"4":{"start":{"line":15,"column":6},"end":{"line":15,"column":35}},"5":{"start":{"line":16,"column":6},"end":{"line":16,"column":69}},"6":{"start":{"line":17,"column":6},"end":{"line":17,"column":71}},"7":{"start":{"line":20,"column":2},"end":{"line":151,"column":4}},"8":{"start":{"line":153,"column":2},"end":{"line":157,"column":5}},"9":{"start":{"line":154,"column":17},"end":{"line":154,"column":35}},"10":{"start":{"line":155,"column":4},"end":{"line":155,"column":22}},"11":{"start":{"line":156,"column":4},"end":{"line":156,"column":29}},"12":{"start":{"line":158,"column":2},"end":{"line":158,"column":16}}},"fnMap":{"0":{"name":"(anonymous_0)","decl":{"start":{"line":5,"column":17},"end":{"line":5,"column":18}},"loc":{"start":{"line":5,"column":43},"end":{"line":159,"column":1}},"line":5},"1":{"name":"(anonymous_1)","decl":{"start":{"line":12,"column":4},"end":{"line":12,"column":5}},"loc":{"start":{"line":12,"column":29},"end":{"line":18,"column":5}},"line":12},"2":{"name":"(anonymous_2)","decl":{"start":{"line":153,"column":22},"end":{"line":153,"column":23}},"loc":{"start":{"line":153,"column":44},"end":{"line":157,"column":3}},"line":153}},"branchMap":{},"s":{"0":6,"1":6,"2":6,"3":6,"4":6,"5":6,"6":6,"7":6,"8":6,"9":4,"10":4,"11":4,"12":6},"f":{"0":6,"1":6,"2":4},"b":{},"_coverageSchema":"1a1c01bbd47fc00a2c39e90264f33305004495a9","hash":"cc8a2305377b6bc9261ce342993f7cebbfdd69be"}
,"/home/charles/Hacktiv8/Phase3/lastday-finalproject/ChildCare/server/routes/agency.js": {"path":"/home/charles/Hacktiv8/Phase3/lastday-finalproject/ChildCare/server/routes/agency.js","statementMap":{"0":{"start":{"line":1,"column":15},"end":{"line":1,"column":42}},"1":{"start":{"line":2,"column":25},"end":{"line":2,"column":67}},"2":{"start":{"line":4,"column":0},"end":{"line":4,"column":57}},"3":{"start":{"line":5,"column":0},"end":{"line":5,"column":51}},"4":{"start":{"line":6,"column":0},"end":{"line":6,"column":48}},"5":{"start":{"line":7,"column":0},"end":{"line":7,"column":50}},"6":{"start":{"line":8,"column":0},"end":{"line":8,"column":53}},"7":{"start":{"line":9,"column":0},"end":{"line":9,"column":50}},"8":{"start":{"line":12,"column":0},"end":{"line":12,"column":23}}},"fnMap":{},"branchMap":{},"s":{"0":6,"1":6,"2":6,"3":6,"4":6,"5":6,"6":6,"7":6,"8":6},"f":{},"b":{},"_coverageSchema":"1a1c01bbd47fc00a2c39e90264f33305004495a9","hash":"aa45b91d6058398cd84fad805498c94e9f3937c8"}
,"/home/charles/Hacktiv8/Phase3/lastday-finalproject/ChildCare/server/routes/child.js": {"path":"/home/charles/Hacktiv8/Phase3/lastday-finalproject/ChildCare/server/routes/child.js","statementMap":{"0":{"start":{"line":1,"column":15},"end":{"line":1,"column":42}},"1":{"start":{"line":2,"column":24},"end":{"line":2,"column":65}},"2":{"start":{"line":3,"column":33},"end":{"line":3,"column":73}},"3":{"start":{"line":4,"column":32},"end":{"line":4,"column":71}},"4":{"start":{"line":6,"column":0},"end":{"line":6,"column":47}},"5":{"start":{"line":9,"column":0},"end":{"line":9,"column":32}},"6":{"start":{"line":10,"column":0},"end":{"line":10,"column":42}},"7":{"start":{"line":14,"column":0},"end":{"line":14,"column":23}}},"fnMap":{},"branchMap":{},"s":{"0":6,"1":6,"2":6,"3":6,"4":6,"5":6,"6":6,"7":6},"f":{},"b":{},"_coverageSchema":"1a1c01bbd47fc00a2c39e90264f33305004495a9","hash":"a19ef366a49b2f5a7837d96ed72638d15612f537"}
,"/home/charles/Hacktiv8/Phase3/lastday-finalproject/ChildCare/server/routes/emailing.js": {"path":"/home/charles/Hacktiv8/Phase3/lastday-finalproject/ChildCare/server/routes/emailing.js","statementMap":{"0":{"start":{"line":1,"column":15},"end":{"line":1,"column":42}},"1":{"start":{"line":2,"column":33},"end":{"line":2,"column":73}},"2":{"start":{"line":3,"column":27},"end":{"line":3,"column":71}},"3":{"start":{"line":6,"column":0},"end":{"line":10,"column":2}},"4":{"start":{"line":11,"column":0},"end":{"line":11,"column":71}},"5":{"start":{"line":12,"column":0},"end":{"line":12,"column":71}},"6":{"start":{"line":14,"column":0},"end":{"line":14,"column":24}}},"fnMap":{},"branchMap":{},"s":{"0":6,"1":6,"2":6,"3":6,"4":6,"5":6,"6":6},"f":{},"b":{},"_coverageSchema":"1a1c01bbd47fc00a2c39e90264f33305004495a9","hash":"c217a826188b61dba0269cb5c30a50e36348cdbb"}
,"/home/charles/Hacktiv8/Phase3/lastday-finalproject/ChildCare/server/routes/index.js": {"path":"/home/charles/Hacktiv8/Phase3/lastday-finalproject/ChildCare/server/routes/index.js","statementMap":{"0":{"start":{"line":1,"column":15},"end":{"line":1,"column":42}},"1":{"start":{"line":2,"column":20},"end":{"line":2,"column":39}},"2":{"start":{"line":3,"column":19},"end":{"line":3,"column":37}},"3":{"start":{"line":4,"column":20},"end":{"line":4,"column":39}},"4":{"start":{"line":5,"column":19},"end":{"line":5,"column":37}},"5":{"start":{"line":6,"column":22},"end":{"line":6,"column":43}},"6":{"start":{"line":7,"column":21},"end":{"line":7,"column":41}},"7":{"start":{"line":8,"column":22},"end":{"line":8,"column":43}},"8":{"start":{"line":10,"column":0},"end":{"line":10,"column":34}},"9":{"start":{"line":11,"column":0},"end":{"line":11,"column":32}},"10":{"start":{"line":12,"column":0},"end":{"line":12,"column":34}},"11":{"start":{"line":13,"column":0},"end":{"line":13,"column":32}},"12":{"start":{"line":14,"column":0},"end":{"line":14,"column":38}},"13":{"start":{"line":15,"column":0},"end":{"line":15,"column":36}},"14":{"start":{"line":16,"column":0},"end":{"line":16,"column":38}},"15":{"start":{"line":18,"column":0},"end":{"line":18,"column":23}}},"fnMap":{},"branchMap":{},"s":{"0":6,"1":6,"2":6,"3":6,"4":6,"5":6,"6":6,"7":6,"8":6,"9":6,"10":6,"11":6,"12":6,"13":6,"14":6,"15":6},"f":{},"b":{},"_coverageSchema":"1a1c01bbd47fc00a2c39e90264f33305004495a9","hash":"cf64aa6e00d37b25bc61076072f57ed3c713f5e9"}
,"/home/charles/Hacktiv8/Phase3/lastday-finalproject/ChildCare/server/routes/message.js": {"path":"/home/charles/Hacktiv8/Phase3/lastday-finalproject/ChildCare/server/routes/message.js","statementMap":{"0":{"start":{"line":1,"column":15},"end":{"line":1,"column":42}},"1":{"start":{"line":5,"column":4},"end":{"line":5,"column":44}},"2":{"start":{"line":6,"column":26},"end":{"line":6,"column":69}},"3":{"start":{"line":8,"column":0},"end":{"line":8,"column":80}},"4":{"start":{"line":9,"column":0},"end":{"line":9,"column":79}},"5":{"start":{"line":10,"column":0},"end":{"line":14,"column":2}},"6":{"start":{"line":15,"column":0},"end":{"line":19,"column":2}},"7":{"start":{"line":21,"column":0},"end":{"line":25,"column":2}},"8":{"start":{"line":26,"column":0},"end":{"line":30,"column":2}},"9":{"start":{"line":32,"column":0},"end":{"line":36,"column":2}},"10":{"start":{"line":37,"column":0},"end":{"line":41,"column":2}},"11":{"start":{"line":43,"column":0},"end":{"line":43,"column":24}}},"fnMap":{},"branchMap":{},"s":{"0":6,"1":6,"2":6,"3":6,"4":6,"5":6,"6":6,"7":6,"8":6,"9":6,"10":6,"11":6},"f":{},"b":{},"_coverageSchema":"1a1c01bbd47fc00a2c39e90264f33305004495a9","hash":"5c2a239382a0d41acc192ac86590c64e23f57ce6"}
,"/home/charles/Hacktiv8/Phase3/lastday-finalproject/ChildCare/server/routes/nanny.js": {"path":"/home/charles/Hacktiv8/Phase3/lastday-finalproject/ChildCare/server/routes/nanny.js","statementMap":{"0":{"start":{"line":1,"column":15},"end":{"line":1,"column":42}},"1":{"start":{"line":2,"column":24},"end":{"line":2,"column":65}},"2":{"start":{"line":6,"column":4},"end":{"line":6,"column":44}},"3":{"start":{"line":7,"column":32},"end":{"line":7,"column":71}},"4":{"start":{"line":9,"column":0},"end":{"line":9,"column":56}},"5":{"start":{"line":10,"column":0},"end":{"line":10,"column":47}},"6":{"start":{"line":11,"column":0},"end":{"line":11,"column":66}},"7":{"start":{"line":12,"column":0},"end":{"line":12,"column":64}},"8":{"start":{"line":13,"column":0},"end":{"line":17,"column":2}},"9":{"start":{"line":18,"column":0},"end":{"line":18,"column":49}},"10":{"start":{"line":20,"column":0},"end":{"line":20,"column":33}},"11":{"start":{"line":21,"column":0},"end":{"line":21,"column":43}},"12":{"start":{"line":23,"column":0},"end":{"line":23,"column":73}},"13":{"start":{"line":24,"column":0},"end":{"line":24,"column":71}},"14":{"start":{"line":25,"column":0},"end":{"line":29,"column":2}},"15":{"start":{"line":31,"column":0},"end":{"line":31,"column":24}}},"fnMap":{},"branchMap":{},"s":{"0":6,"1":6,"2":6,"3":6,"4":6,"5":6,"6":6,"7":6,"8":6,"9":6,"10":6,"11":6,"12":6,"13":6,"14":6,"15":6},"f":{},"b":{},"_coverageSchema":"1a1c01bbd47fc00a2c39e90264f33305004495a9","hash":"ea8cfaef865dc4f2190c4318a3abc15616922fc8"}
,"/home/charles/Hacktiv8/Phase3/lastday-finalproject/ChildCare/server/routes/parent.js": {"path":"/home/charles/Hacktiv8/Phase3/lastday-finalproject/ChildCare/server/routes/parent.js","statementMap":{"0":{"start":{"line":1,"column":15},"end":{"line":1,"column":42}},"1":{"start":{"line":2,"column":25},"end":{"line":2,"column":67}},"2":{"start":{"line":3,"column":33},"end":{"line":3,"column":73}},"3":{"start":{"line":4,"column":38},"end":{"line":4,"column":77}},"4":{"start":{"line":6,"column":0},"end":{"line":6,"column":58}},"5":{"start":{"line":7,"column":0},"end":{"line":7,"column":52}},"6":{"start":{"line":8,"column":0},"end":{"line":8,"column":48}},"7":{"start":{"line":9,"column":0},"end":{"line":9,"column":51}},"8":{"start":{"line":10,"column":0},"end":{"line":10,"column":33}},"9":{"start":{"line":11,"column":0},"end":{"line":11,"column":60}},"10":{"start":{"line":12,"column":0},"end":{"line":16,"column":2}},"11":{"start":{"line":17,"column":0},"end":{"line":17,"column":78}},"12":{"start":{"line":19,"column":0},"end":{"line":19,"column":24}}},"fnMap":{},"branchMap":{},"s":{"0":6,"1":6,"2":6,"3":6,"4":6,"5":6,"6":6,"7":6,"8":6,"9":6,"10":6,"11":6,"12":6},"f":{},"b":{},"_coverageSchema":"1a1c01bbd47fc00a2c39e90264f33305004495a9","hash":"2216f6a5bdebac5fdae1c4b8aa691e8a30fa17d1"}
,"/home/charles/Hacktiv8/Phase3/lastday-finalproject/ChildCare/server/routes/wishlist.js": {"path":"/home/charles/Hacktiv8/Phase3/lastday-finalproject/ChildCare/server/routes/wishlist.js","statementMap":{"0":{"start":{"line":1,"column":15},"end":{"line":1,"column":42}},"1":{"start":{"line":2,"column":27},"end":{"line":2,"column":71}},"2":{"start":{"line":4,"column":33},"end":{"line":4,"column":73}},"3":{"start":{"line":5,"column":25},"end":{"line":5,"column":64}},"4":{"start":{"line":7,"column":0},"end":{"line":7,"column":33}},"5":{"start":{"line":8,"column":0},"end":{"line":8,"column":51}},"6":{"start":{"line":9,"column":0},"end":{"line":9,"column":63}},"7":{"start":{"line":10,"column":0},"end":{"line":10,"column":78}},"8":{"start":{"line":12,"column":0},"end":{"line":12,"column":24}}},"fnMap":{},"branchMap":{},"s":{"0":6,"1":6,"2":6,"3":6,"4":6,"5":6,"6":6,"7":6,"8":6},"f":{},"b":{},"_coverageSchema":"1a1c01bbd47fc00a2c39e90264f33305004495a9","hash":"62e390317ef2edf9c5dca22f01699a18b59692a1"}
}
