TN:
SF:app.js
FN:22,(anonymous_0)
FN:23,(anonymous_1)
FN:26,(anonymous_2)
FN:30,(anonymous_3)
FN:33,(anonymous_4)
FN:36,(anonymous_5)
FN:39,(anonymous_6)
FN:42,(anonymous_7)
FN:45,(anonymous_8)
FN:49,(anonymous_9)
FN:53,(anonymous_10)
FN:56,(anonymous_11)
FN:59,(anonymous_12)
FN:65,(anonymous_13)
FNF:14
FNH:0
FNDA:0,(anonymous_0)
FNDA:0,(anonymous_1)
FNDA:0,(anonymous_2)
FNDA:0,(anonymous_3)
FNDA:0,(anonymous_4)
FNDA:0,(anonymous_5)
FNDA:0,(anonymous_6)
FNDA:0,(anonymous_7)
FNDA:0,(anonymous_8)
FNDA:0,(anonymous_9)
FNDA:0,(anonymous_10)
FNDA:0,(anonymous_11)
FNDA:0,(anonymous_12)
FNDA:0,(anonymous_13)
DA:2,6
DA:3,6
DA:4,6
DA:5,6
DA:6,6
DA:8,6
DA:9,6
DA:14,6
DA:15,6
DA:16,6
DA:17,6
DA:18,6
DA:19,6
DA:20,6
DA:22,6
DA:23,0
DA:24,0
DA:26,0
DA:27,0
DA:28,0
DA:30,0
DA:31,0
DA:33,0
DA:34,0
DA:36,0
DA:37,0
DA:39,0
DA:40,0
DA:42,0
DA:43,0
DA:45,0
DA:46,0
DA:47,0
DA:49,0
DA:50,0
DA:51,0
DA:53,0
DA:54,0
DA:56,0
DA:57,0
DA:59,0
DA:60,0
DA:64,6
DA:65,0
DA:66,0
DA:70,6
LF:46
LH:17
BRDA:5,0,0,6
BRDA:5,0,1,6
BRDA:64,1,0,0
BRDA:64,1,1,6
BRF:4
BRH:3
end_of_record
TN:
SF:controllers/agencyController.js
FN:7,(anonymous_0)
FN:26,(anonymous_1)
FN:29,(anonymous_2)
FN:34,(anonymous_3)
FN:37,(anonymous_4)
FN:57,(anonymous_5)
FN:63,(anonymous_6)
FN:76,(anonymous_7)
FN:79,(anonymous_8)
FN:84,(anonymous_9)
FN:87,(anonymous_10)
FN:94,(anonymous_11)
FN:99,(anonymous_12)
FN:111,(anonymous_13)
FN:130,(anonymous_14)
FN:137,(anonymous_15)
FN:142,(anonymous_16)
FN:145,(anonymous_17)
FN:152,(anonymous_18)
FN:159,(anonymous_19)
FNF:20
FNH:9
FNDA:2,(anonymous_0)
FNDA:1,(anonymous_1)
FNDA:1,(anonymous_2)
FNDA:4,(anonymous_3)
FNDA:4,(anonymous_4)
FNDA:0,(anonymous_5)
FNDA:1,(anonymous_6)
FNDA:1,(anonymous_7)
FNDA:0,(anonymous_8)
FNDA:2,(anonymous_9)
FNDA:2,(anonymous_10)
FNDA:0,(anonymous_11)
FNDA:0,(anonymous_12)
FNDA:0,(anonymous_13)
FNDA:0,(anonymous_14)
FNDA:0,(anonymous_15)
FNDA:0,(anonymous_16)
FNDA:0,(anonymous_17)
FNDA:0,(anonymous_18)
FNDA:0,(anonymous_19)
DA:1,6
DA:2,6
DA:3,6
DA:4,6
DA:16,2
DA:17,2
DA:27,1
DA:30,1
DA:35,4
DA:36,4
DA:38,4
DA:39,3
DA:41,1
DA:42,1
DA:58,0
DA:59,0
DA:64,1
DA:77,1
DA:80,0
DA:85,2
DA:86,2
DA:88,2
DA:89,1
DA:91,1
DA:95,0
DA:100,0
DA:109,0
DA:110,0
DA:112,0
DA:113,0
DA:115,0
DA:116,0
DA:131,0
DA:132,0
DA:134,0
DA:138,0
DA:143,0
DA:144,0
DA:146,0
DA:147,0
DA:149,0
DA:153,0
DA:154,0
DA:156,0
DA:160,0
DA:165,6
LF:46
LH:22
BRDA:38,0,0,3
BRDA:38,0,1,1
BRDA:38,1,0,4
BRDA:38,1,1,2
BRDA:88,2,0,1
BRDA:88,2,1,1
BRDA:112,3,0,0
BRDA:112,3,1,0
BRDA:131,4,0,0
BRDA:131,4,1,0
BRDA:146,5,0,0
BRDA:146,5,1,0
BRDA:153,6,0,0
BRDA:153,6,1,0
BRF:14
BRH:6
end_of_record
TN:
SF:controllers/childController.js
FN:4,(anonymous_0)
FN:15,(anonymous_1)
FN:18,(anonymous_2)
FN:23,(anonymous_3)
FN:28,(anonymous_4)
FN:31,(anonymous_5)
FNF:6
FNH:2
FNDA:1,(anonymous_0)
FNDA:1,(anonymous_1)
FNDA:0,(anonymous_2)
FNDA:0,(anonymous_3)
FNDA:0,(anonymous_4)
FNDA:0,(anonymous_5)
DA:1,6
DA:5,1
DA:16,1
DA:19,0
DA:24,0
DA:25,0
DA:27,0
DA:29,0
DA:32,0
DA:101,6
LF:10
LH:4
BRF:0
BRH:0
end_of_record
TN:
SF:controllers/emailingController.js
FN:6,(anonymous_0)
FN:22,(anonymous_1)
FN:35,(anonymous_2)
FN:104,(anonymous_3)
FN:114,(anonymous_4)
FN:120,(anonymous_5)
FN:138,(anonymous_6)
FN:141,(anonymous_7)
FN:153,(anonymous_8)
FN:174,(anonymous_9)
FN:228,(anonymous_10)
FN:238,(anonymous_11)
FN:244,(anonymous_12)
FN:262,(anonymous_13)
FN:265,(anonymous_14)
FN:286,(anonymous_15)
FN:340,(anonymous_16)
FN:350,(anonymous_17)
FNF:18
FNH:0
FNDA:0,(anonymous_0)
FNDA:0,(anonymous_1)
FNDA:0,(anonymous_2)
FNDA:0,(anonymous_3)
FNDA:0,(anonymous_4)
FNDA:0,(anonymous_5)
FNDA:0,(anonymous_6)
FNDA:0,(anonymous_7)
FNDA:0,(anonymous_8)
FNDA:0,(anonymous_9)
FNDA:0,(anonymous_10)
FNDA:0,(anonymous_11)
FNDA:0,(anonymous_12)
FNDA:0,(anonymous_13)
FNDA:0,(anonymous_14)
FNDA:0,(anonymous_15)
FNDA:0,(anonymous_16)
FNDA:0,(anonymous_17)
DA:1,6
DA:2,6
DA:3,6
DA:7,0
DA:21,0
DA:23,0
DA:24,0
DA:25,0
DA:26,0
DA:27,0
DA:28,0
DA:30,0
DA:36,0
DA:37,0
DA:38,0
DA:39,0
DA:40,0
DA:41,0
DA:42,0
DA:43,0
DA:51,0
DA:65,0
DA:80,0
DA:104,0
DA:105,0
DA:106,0
DA:107,0
DA:109,0
DA:110,0
DA:115,0
DA:116,0
DA:121,0
DA:122,0
DA:135,0
DA:139,0
DA:142,0
DA:143,0
DA:146,0
DA:154,0
DA:155,0
DA:158,0
DA:175,0
DA:176,0
DA:177,0
DA:178,0
DA:179,0
DA:180,0
DA:181,0
DA:182,0
DA:183,0
DA:184,0
DA:186,0
DA:194,0
DA:208,0
DA:228,0
DA:229,0
DA:230,0
DA:231,0
DA:233,0
DA:234,0
DA:239,0
DA:240,0
DA:245,0
DA:246,0
DA:259,0
DA:263,0
DA:266,0
DA:267,0
DA:270,0
DA:287,0
DA:288,0
DA:289,0
DA:290,0
DA:291,0
DA:292,0
DA:293,0
DA:294,0
DA:295,0
DA:296,0
DA:298,0
DA:306,0
DA:320,0
DA:340,0
DA:341,0
DA:342,0
DA:343,0
DA:345,0
DA:346,0
DA:351,0
DA:352,0
DA:357,6
LF:91
LH:4
BRDA:105,0,0,0
BRDA:105,0,1,0
BRDA:229,1,0,0
BRDA:229,1,1,0
BRDA:341,2,0,0
BRDA:341,2,1,0
BRF:6
BRH:0
end_of_record
TN:
SF:controllers/messageController.js
FN:3,(anonymous_0)
FN:16,(anonymous_1)
FN:35,(anonymous_2)
FN:40,(anonymous_3)
FN:44,(anonymous_4)
FN:57,(anonymous_5)
FN:76,(anonymous_6)
FN:81,(anonymous_7)
FN:85,(anonymous_8)
FN:93,(anonymous_9)
FN:96,(anonymous_10)
FN:100,(anonymous_11)
FN:108,(anonymous_12)
FN:111,(anonymous_13)
FN:115,(anonymous_14)
FN:120,(anonymous_15)
FN:123,(anonymous_16)
FN:127,(anonymous_17)
FN:132,(anonymous_18)
FN:135,(anonymous_19)
FN:139,(anonymous_20)
FN:143,(anonymous_21)
FN:146,(anonymous_22)
FN:150,(anonymous_23)
FN:154,(anonymous_24)
FN:157,(anonymous_25)
FNF:26
FNH:0
FNDA:0,(anonymous_0)
FNDA:0,(anonymous_1)
FNDA:0,(anonymous_2)
FNDA:0,(anonymous_3)
FNDA:0,(anonymous_4)
FNDA:0,(anonymous_5)
FNDA:0,(anonymous_6)
FNDA:0,(anonymous_7)
FNDA:0,(anonymous_8)
FNDA:0,(anonymous_9)
FNDA:0,(anonymous_10)
FNDA:0,(anonymous_11)
FNDA:0,(anonymous_12)
FNDA:0,(anonymous_13)
FNDA:0,(anonymous_14)
FNDA:0,(anonymous_15)
FNDA:0,(anonymous_16)
FNDA:0,(anonymous_17)
FNDA:0,(anonymous_18)
FNDA:0,(anonymous_19)
FNDA:0,(anonymous_20)
FNDA:0,(anonymous_21)
FNDA:0,(anonymous_22)
FNDA:0,(anonymous_23)
FNDA:0,(anonymous_24)
FNDA:0,(anonymous_25)
DA:1,6
DA:4,0
DA:5,0
DA:17,0
DA:18,0
DA:19,0
DA:20,0
DA:21,0
DA:23,0
DA:27,0
DA:28,0
DA:32,0
DA:35,0
DA:36,0
DA:38,0
DA:41,0
DA:45,0
DA:46,0
DA:58,0
DA:59,0
DA:60,0
DA:61,0
DA:62,0
DA:64,0
DA:68,0
DA:69,0
DA:73,0
DA:76,0
DA:77,0
DA:79,0
DA:82,0
DA:86,0
DA:87,0
DA:88,0
DA:94,0
DA:97,0
DA:101,0
DA:102,0
DA:103,0
DA:109,0
DA:112,0
DA:116,0
DA:117,0
DA:118,0
DA:119,0
DA:121,0
DA:124,0
DA:128,0
DA:129,0
DA:130,0
DA:131,0
DA:133,0
DA:136,0
DA:140,0
DA:141,0
DA:142,0
DA:144,0
DA:147,0
DA:151,0
DA:152,0
DA:153,0
DA:155,0
DA:158,0
DA:162,6
LF:64
LH:2
BRDA:20,0,0,0
BRDA:20,0,1,0
BRDA:23,1,0,0
BRDA:23,1,1,0
BRDA:24,2,0,0
BRDA:24,2,1,0
BRDA:61,3,0,0
BRDA:61,3,1,0
BRDA:64,4,0,0
BRDA:64,4,1,0
BRDA:65,5,0,0
BRDA:65,5,1,0
BRF:12
BRH:0
end_of_record
TN:
SF:controllers/nannyController.js
FN:4,(anonymous_0)
FN:22,(anonymous_1)
FN:25,(anonymous_2)
FN:30,(anonymous_3)
FN:52,(anonymous_4)
FN:55,(anonymous_5)
FN:60,(anonymous_6)
FN:84,(anonymous_7)
FN:87,(anonymous_8)
FN:92,(anonymous_9)
FN:98,(anonymous_10)
FN:105,(anonymous_11)
FN:110,(anonymous_12)
FN:123,(anonymous_13)
FN:142,(anonymous_14)
FN:149,(anonymous_15)
FN:154,(anonymous_16)
FN:157,(anonymous_17)
FN:164,(anonymous_18)
FN:171,(anonymous_19)
FN:176,(anonymous_20)
FN:180,(anonymous_21)
FN:187,(anonymous_22)
FN:192,(anonymous_23)
FN:195,(anonymous_24)
FN:198,(anonymous_25)
FN:204,(anonymous_26)
FN:207,(anonymous_27)
FN:214,(anonymous_28)
FN:219,(anonymous_29)
FN:222,(anonymous_30)
FN:231,(anonymous_31)
FN:236,(anonymous_32)
FN:255,(anonymous_33)
FN:258,(anonymous_34)
FN:262,(anonymous_35)
FN:281,(anonymous_36)
FN:283,(anonymous_37)
FN:287,(anonymous_38)
FN:313,(anonymous_39)
FN:332,(anonymous_40)
FN:334,(anonymous_41)
FN:338,(anonymous_42)
FNF:43
FNH:2
FNDA:0,(anonymous_0)
FNDA:0,(anonymous_1)
FNDA:0,(anonymous_2)
FNDA:1,(anonymous_3)
FNDA:1,(anonymous_4)
FNDA:0,(anonymous_5)
FNDA:0,(anonymous_6)
FNDA:0,(anonymous_7)
FNDA:0,(anonymous_8)
FNDA:0,(anonymous_9)
FNDA:0,(anonymous_10)
FNDA:0,(anonymous_11)
FNDA:0,(anonymous_12)
FNDA:0,(anonymous_13)
FNDA:0,(anonymous_14)
FNDA:0,(anonymous_15)
FNDA:0,(anonymous_16)
FNDA:0,(anonymous_17)
FNDA:0,(anonymous_18)
FNDA:0,(anonymous_19)
FNDA:0,(anonymous_20)
FNDA:0,(anonymous_21)
FNDA:0,(anonymous_22)
FNDA:0,(anonymous_23)
FNDA:0,(anonymous_24)
FNDA:0,(anonymous_25)
FNDA:0,(anonymous_26)
FNDA:0,(anonymous_27)
FNDA:0,(anonymous_28)
FNDA:0,(anonymous_29)
FNDA:0,(anonymous_30)
FNDA:0,(anonymous_31)
FNDA:0,(anonymous_32)
FNDA:0,(anonymous_33)
FNDA:0,(anonymous_34)
FNDA:0,(anonymous_35)
FNDA:0,(anonymous_36)
FNDA:0,(anonymous_37)
FNDA:0,(anonymous_38)
FNDA:0,(anonymous_39)
FNDA:0,(anonymous_40)
FNDA:0,(anonymous_41)
FNDA:0,(anonymous_42)
DA:1,6
DA:5,0
DA:23,0
DA:26,0
DA:40,1
DA:42,1
DA:53,1
DA:56,0
DA:70,0
DA:71,0
DA:73,0
DA:85,0
DA:88,0
DA:93,0
DA:94,0
DA:99,0
DA:100,0
DA:102,0
DA:106,0
DA:120,0
DA:121,0
DA:122,0
DA:124,0
DA:125,0
DA:127,0
DA:143,0
DA:144,0
DA:146,0
DA:150,0
DA:155,0
DA:156,0
DA:158,0
DA:159,0
DA:161,0
DA:165,0
DA:166,0
DA:168,0
DA:172,0
DA:177,0
DA:178,0
DA:179,0
DA:181,0
DA:182,0
DA:184,0
DA:188,0
DA:193,0
DA:194,0
DA:196,0
DA:199,0
DA:200,0
DA:205,0
DA:206,0
DA:208,0
DA:209,0
DA:211,0
DA:215,0
DA:220,0
DA:221,0
DA:223,0
DA:224,0
DA:228,0
DA:232,0
DA:237,0
DA:238,0
DA:256,0
DA:259,0
DA:263,0
DA:264,0
DA:265,0
DA:283,0
DA:284,0
DA:286,0
DA:287,0
DA:288,0
DA:291,0
DA:292,0
DA:293,0
DA:294,0
DA:299,0
DA:305,0
DA:314,0
DA:315,0
DA:316,0
DA:334,0
DA:335,0
DA:337,0
DA:338,0
DA:339,0
DA:341,0
DA:342,0
DA:343,0
DA:344,0
DA:349,0
DA:355,0
DA:364,6
LF:95
LH:5
BRDA:99,0,0,0
BRDA:99,0,1,0
BRDA:124,1,0,0
BRDA:124,1,1,0
BRDA:143,2,0,0
BRDA:143,2,1,0
BRDA:158,3,0,0
BRDA:158,3,1,0
BRDA:165,4,0,0
BRDA:165,4,1,0
BRDA:181,5,0,0
BRDA:181,5,1,0
BRDA:208,6,0,0
BRDA:208,6,1,0
BRDA:223,7,0,0
BRDA:223,7,1,0
BRDA:286,8,0,0
BRDA:286,8,1,0
BRDA:291,9,0,0
BRDA:291,9,1,0
BRDA:337,10,0,0
BRDA:337,10,1,0
BRDA:342,11,0,0
BRDA:342,11,1,0
BRF:24
BRH:0
end_of_record
TN:
SF:controllers/parentController.js
FN:6,(anonymous_0)
FN:27,(anonymous_1)
FN:30,(anonymous_2)
FN:35,(anonymous_3)
FN:42,(anonymous_4)
FN:65,(anonymous_5)
FN:70,(anonymous_6)
FN:84,(anonymous_7)
FN:87,(anonymous_8)
FN:92,(anonymous_9)
FN:95,(anonymous_10)
FN:102,(anonymous_11)
FN:107,(anonymous_12)
FN:120,(anonymous_13)
FN:140,(anonymous_14)
FN:147,(anonymous_15)
FN:152,(anonymous_16)
FN:155,(anonymous_17)
FN:162,(anonymous_18)
FN:167,(anonymous_19)
FN:170,(anonymous_20)
FN:173,(anonymous_21)
FNF:22
FNH:9
FNDA:2,(anonymous_0)
FNDA:1,(anonymous_1)
FNDA:1,(anonymous_2)
FNDA:4,(anonymous_3)
FNDA:4,(anonymous_4)
FNDA:0,(anonymous_5)
FNDA:1,(anonymous_6)
FNDA:1,(anonymous_7)
FNDA:0,(anonymous_8)
FNDA:2,(anonymous_9)
FNDA:2,(anonymous_10)
FNDA:0,(anonymous_11)
FNDA:0,(anonymous_12)
FNDA:0,(anonymous_13)
FNDA:0,(anonymous_14)
FNDA:0,(anonymous_15)
FNDA:0,(anonymous_16)
FNDA:0,(anonymous_17)
FNDA:0,(anonymous_18)
FNDA:0,(anonymous_19)
FNDA:0,(anonymous_20)
FNDA:0,(anonymous_21)
DA:1,6
DA:2,6
DA:3,6
DA:4,6
DA:16,2
DA:17,2
DA:28,1
DA:31,1
DA:36,4
DA:37,4
DA:43,4
DA:46,4
DA:48,0
DA:49,0
DA:66,0
DA:71,1
DA:85,1
DA:88,0
DA:93,2
DA:94,2
DA:96,2
DA:97,2
DA:99,0
DA:103,0
DA:117,0
DA:118,0
DA:119,0
DA:121,0
DA:122,0
DA:124,0
DA:125,0
DA:141,0
DA:142,0
DA:144,0
DA:148,0
DA:153,0
DA:154,0
DA:156,0
DA:157,0
DA:159,0
DA:163,0
DA:168,0
DA:169,0
DA:171,0
DA:174,0
DA:179,6
LF:46
LH:19
BRDA:43,0,0,4
BRDA:43,0,1,0
BRDA:43,1,0,4
BRDA:43,1,1,1
BRDA:96,2,0,2
BRDA:96,2,1,0
BRDA:121,3,0,0
BRDA:121,3,1,0
BRDA:141,4,0,0
BRDA:141,4,1,0
BRDA:156,5,0,0
BRDA:156,5,1,0
BRF:12
BRH:4
end_of_record
TN:
SF:controllers/wishlistController.js
FN:4,(anonymous_0)
FN:10,(anonymous_1)
FN:13,(anonymous_2)
FN:18,(anonymous_3)
FN:22,(anonymous_4)
FN:26,(anonymous_5)
FN:29,(anonymous_6)
FN:34,(anonymous_7)
FN:37,(anonymous_8)
FN:40,(anonymous_9)
FNF:10
FNH:0
FNDA:0,(anonymous_0)
FNDA:0,(anonymous_1)
FNDA:0,(anonymous_2)
FNDA:0,(anonymous_3)
FNDA:0,(anonymous_4)
FNDA:0,(anonymous_5)
FNDA:0,(anonymous_6)
FNDA:0,(anonymous_7)
FNDA:0,(anonymous_8)
FNDA:0,(anonymous_9)
DA:1,6
DA:5,0
DA:6,0
DA:11,0
DA:14,0
DA:19,0
DA:20,0
DA:21,0
DA:23,0
DA:24,0
DA:27,0
DA:30,0
DA:35,0
DA:36,0
DA:38,0
DA:41,0
DA:46,6
LF:17
LH:2
BRF:0
BRH:0
end_of_record
TN:
SF:helper/compareSyncBcyrpt.js
FN:4,compareSyncBcrypt
FNF:1
FNH:1
FNDA:3,compareSyncBcrypt
DA:2,6
DA:5,3
DA:8,6
LF:3
LH:3
BRF:0
BRH:0
end_of_record
TN:
SF:helper/hashPass.js
FN:3,hashPass
FNF:1
FNH:1
FNDA:8,hashPass
DA:1,6
DA:4,8
DA:5,8
DA:6,8
DA:8,0
DA:12,6
LF:6
LH:5
BRF:0
BRH:0
end_of_record
TN:
SF:helper/jwtSign.js
FN:5,jwtSign
FNF:1
FNH:1
FNDA:1,jwtSign
DA:2,6
DA:3,6
DA:6,1
DA:11,1
DA:14,6
LF:5
LH:5
BRF:0
BRH:0
end_of_record
TN:
SF:helper/jwtVerify.js
FN:5,jwtVerify
FNF:1
FNH:1
FNDA:2,jwtVerify
DA:1,6
DA:3,6
DA:6,2
DA:9,6
LF:4
LH:4
BRF:0
BRH:0
end_of_record
TN:
SF:middlewares/authentication.js
FN:7,(anonymous_0)
FN:27,(anonymous_1)
FNF:2
FNH:1
FNDA:2,(anonymous_0)
FNDA:0,(anonymous_1)
DA:3,6
DA:7,6
DA:8,2
DA:10,2
DA:11,1
DA:14,2
DA:16,2
DA:17,1
DA:21,1
DA:23,1
DA:27,6
DA:28,0
DA:30,0
DA:31,0
DA:34,0
DA:35,0
DA:36,0
DA:38,0
DA:40,0
DA:44,6
LF:20
LH:12
BRDA:10,0,0,1
BRDA:10,0,1,1
BRDA:30,1,0,0
BRDA:30,1,1,0
BRF:4
BRH:2
end_of_record
TN:
SF:middlewares/authorization.js
FN:3,(anonymous_0)
FN:11,(anonymous_1)
FN:15,(anonymous_2)
FN:22,(anonymous_3)
FN:29,(anonymous_4)
FN:33,(anonymous_5)
FN:40,(anonymous_6)
FN:46,(anonymous_7)
FN:48,(anonymous_8)
FN:55,(anonymous_9)
FNF:10
FNH:1
FNDA:1,(anonymous_0)
FNDA:0,(anonymous_1)
FNDA:0,(anonymous_2)
FNDA:0,(anonymous_3)
FNDA:0,(anonymous_4)
FNDA:0,(anonymous_5)
FNDA:0,(anonymous_6)
FNDA:0,(anonymous_7)
FNDA:0,(anonymous_8)
FNDA:0,(anonymous_9)
DA:1,6
DA:3,6
DA:4,1
DA:5,1
DA:7,0
DA:11,6
DA:12,0
DA:14,0
DA:16,0
DA:17,0
DA:19,0
DA:24,0
DA:29,6
DA:30,0
DA:32,0
DA:34,0
DA:35,0
DA:37,0
DA:42,0
DA:46,6
DA:47,0
DA:49,0
DA:50,0
DA:52,0
DA:56,0
DA:60,6
LF:26
LH:8
BRDA:4,0,0,1
BRDA:4,0,1,0
BRDA:4,1,0,1
BRDA:4,1,1,1
BRDA:16,2,0,0
BRDA:16,2,1,0
BRDA:34,3,0,0
BRDA:34,3,1,0
BRDA:49,4,0,0
BRDA:49,4,1,0
BRF:10
BRH:3
end_of_record
TN:
SF:middlewares/errorHandler.js
FN:3,errorHandler
FN:32,(anonymous_1)
FNF:2
FNH:2
FNDA:14,errorHandler
FNDA:17,(anonymous_1)
DA:1,6
DA:4,14
DA:5,14
DA:6,14
DA:7,14
DA:9,14
DA:10,7
DA:11,7
DA:12,7
DA:13,7
DA:14,3
DA:15,3
DA:16,3
DA:17,4
DA:18,1
DA:19,1
DA:20,1
DA:21,3
DA:22,0
DA:23,0
DA:24,0
DA:25,3
DA:26,1
DA:27,1
DA:28,1
DA:29,2
DA:30,2
DA:31,2
DA:32,2
DA:33,17
DA:36,0
DA:40,14
DA:46,6
LF:33
LH:29
BRDA:9,0,0,7
BRDA:9,0,1,7
BRDA:13,1,0,3
BRDA:13,1,1,4
BRDA:17,2,0,1
BRDA:17,2,1,3
BRDA:21,3,0,0
BRDA:21,3,1,3
BRDA:25,4,0,1
BRDA:25,4,1,2
BRDA:29,5,0,2
BRDA:29,5,1,0
BRF:12
BRH:10
end_of_record
TN:
SF:models/agency.js
FN:3,(anonymous_0)
FN:11,(anonymous_1)
FN:137,(anonymous_2)
FNF:3
FNH:3
FNDA:6,(anonymous_0)
FNDA:6,(anonymous_1)
FNDA:4,(anonymous_2)
DA:2,6
DA:3,6
DA:4,6
DA:13,6
DA:14,6
DA:15,6
DA:18,6
DA:137,6
DA:138,4
DA:139,4
DA:141,6
LF:11
LH:11
BRF:0
BRH:0
end_of_record
TN:
SF:models/child.js
FN:3,(anonymous_0)
FN:10,(anonymous_1)
FNF:2
FNH:2
FNDA:6,(anonymous_0)
FNDA:6,(anonymous_1)
DA:2,6
DA:3,6
DA:12,6
DA:13,6
DA:16,6
DA:96,6
LF:6
LH:6
BRF:0
BRH:0
end_of_record
TN:
SF:models/index.js
FN:20,(anonymous_0)
FN:23,(anonymous_1)
FN:28,(anonymous_2)
FNF:3
FNH:3
FNDA:48,(anonymous_0)
FNDA:42,(anonymous_1)
FNDA:42,(anonymous_2)
DA:3,6
DA:4,6
DA:5,6
DA:6,6
DA:7,6
DA:8,6
DA:9,6
DA:12,6
DA:13,0
DA:15,6
DA:18,6
DA:21,48
DA:24,42
DA:25,42
DA:28,6
DA:29,42
DA:30,42
DA:34,6
DA:35,6
DA:37,6
LF:20
LH:19
BRDA:7,0,0,6
BRDA:7,0,1,0
BRDA:12,1,0,0
BRDA:12,1,1,6
BRDA:21,2,0,48
BRDA:21,2,1,48
BRDA:21,2,2,42
BRDA:29,3,0,42
BRDA:29,3,1,0
BRF:9
BRH:6
end_of_record
TN:
SF:models/message.js
FN:4,(anonymous_0)
FN:11,(anonymous_1)
FN:31,(anonymous_2)
FNF:3
FNH:2
FNDA:6,(anonymous_0)
FNDA:6,(anonymous_1)
FNDA:0,(anonymous_2)
DA:2,6
DA:3,6
DA:4,6
DA:12,6
DA:13,6
DA:17,6
DA:31,6
DA:32,0
DA:33,0
DA:35,0
DA:36,0
DA:39,6
LF:12
LH:8
BRDA:32,0,0,0
BRDA:32,0,1,0
BRDA:35,1,0,0
BRDA:35,1,1,0
BRF:4
BRH:0
end_of_record
TN:
SF:models/nanny.js
FN:3,(anonymous_0)
FN:10,(anonymous_1)
FN:179,(anonymous_2)
FNF:3
FNH:3
FNDA:6,(anonymous_0)
FNDA:6,(anonymous_1)
FNDA:1,(anonymous_2)
DA:2,6
DA:3,6
DA:12,6
DA:13,6
DA:14,6
DA:15,6
DA:19,6
DA:25,6
DA:179,6
DA:180,1
DA:181,1
DA:183,1
DA:184,1
DA:187,6
LF:14
LH:14
BRDA:180,0,0,1
BRDA:180,0,1,0
BRDA:183,1,0,1
BRDA:183,1,1,0
BRF:4
BRH:2
end_of_record
TN:
SF:models/nannychild.js
FN:6,(anonymous_0)
FN:15,(anonymous_1)
FNF:2
FNH:2
FNDA:6,(anonymous_0)
FNDA:6,(anonymous_1)
DA:5,6
DA:6,6
DA:7,6
DA:8,6
DA:16,6
DA:17,6
DA:22,6
DA:29,6
LF:8
LH:8
BRF:0
BRH:0
end_of_record
TN:
SF:models/nannywishlist.js
FN:2,(anonymous_0)
FN:20,(anonymous_1)
FNF:2
FNH:2
FNDA:6,(anonymous_0)
FNDA:6,(anonymous_1)
DA:2,6
DA:3,6
DA:20,6
DA:21,6
DA:23,6
LF:5
LH:5
BRF:0
BRH:0
end_of_record
TN:
SF:models/parent.js
FN:5,(anonymous_0)
FN:12,(anonymous_1)
FN:153,(anonymous_2)
FNF:3
FNH:3
FNDA:6,(anonymous_0)
FNDA:6,(anonymous_1)
FNDA:4,(anonymous_2)
DA:2,6
DA:3,6
DA:5,6
DA:14,6
DA:15,6
DA:16,6
DA:17,6
DA:20,6
DA:153,6
DA:154,4
DA:155,4
DA:156,4
DA:158,6
LF:13
LH:13
BRF:0
BRH:0
end_of_record
TN:
SF:routes/agency.js
FNF:0
FNH:0
DA:1,6
DA:2,6
DA:4,6
DA:5,6
DA:6,6
DA:7,6
DA:8,6
DA:9,6
DA:12,6
LF:9
LH:9
BRF:0
BRH:0
end_of_record
TN:
SF:routes/child.js
FNF:0
FNH:0
DA:1,6
DA:2,6
DA:3,6
DA:4,6
DA:6,6
DA:9,6
DA:10,6
DA:14,6
LF:8
LH:8
BRF:0
BRH:0
end_of_record
TN:
SF:routes/emailing.js
FNF:0
FNH:0
DA:1,6
DA:2,6
DA:3,6
DA:6,6
DA:11,6
DA:12,6
DA:14,6
LF:7
LH:7
BRF:0
BRH:0
end_of_record
TN:
SF:routes/index.js
FNF:0
FNH:0
DA:1,6
DA:2,6
DA:3,6
DA:4,6
DA:5,6
DA:6,6
DA:7,6
DA:8,6
DA:10,6
DA:11,6
DA:12,6
DA:13,6
DA:14,6
DA:15,6
DA:16,6
DA:18,6
LF:16
LH:16
BRF:0
BRH:0
end_of_record
TN:
SF:routes/message.js
FNF:0
FNH:0
DA:1,6
DA:5,6
DA:6,6
DA:8,6
DA:9,6
DA:10,6
DA:15,6
DA:21,6
DA:26,6
DA:32,6
DA:37,6
DA:43,6
LF:12
LH:12
BRF:0
BRH:0
end_of_record
TN:
SF:routes/nanny.js
FNF:0
FNH:0
DA:1,6
DA:2,6
DA:6,6
DA:7,6
DA:9,6
DA:10,6
DA:11,6
DA:12,6
DA:13,6
DA:18,6
DA:20,6
DA:21,6
DA:23,6
DA:24,6
DA:25,6
DA:31,6
LF:16
LH:16
BRF:0
BRH:0
end_of_record
TN:
SF:routes/parent.js
FNF:0
FNH:0
DA:1,6
DA:2,6
DA:3,6
DA:4,6
DA:6,6
DA:7,6
DA:8,6
DA:9,6
DA:10,6
DA:11,6
DA:12,6
DA:17,6
DA:19,6
LF:13
LH:13
BRF:0
BRH:0
end_of_record
TN:
SF:routes/wishlist.js
FNF:0
FNH:0
DA:1,6
DA:2,6
DA:4,6
DA:5,6
DA:7,6
DA:8,6
DA:9,6
DA:10,6
DA:12,6
LF:9
LH:9
BRF:0
BRH:0
end_of_record
